This is pdfTeX, Version 3.141592653-2.6-1.40.26 (TeX Live 2024) (preloaded format=pdflatex 2024.9.14)  4 DEC 2024 23:34
entering extended mode
 restricted \write18 enabled.
 file:line:error style messages enabled.
 %&-line parsing enabled.
**/Users/limbo137/Documents/GitHub/Szekeres/Êï∞ÁêÜÊñπÊ≥ï/Êï∞ÁêÜÊñπÊ≥ï.tex
(/Users/limbo137/Documents/GitHub/Szekeres/Êï∞ÁêÜÊñπÊ≥ï/Êï∞ÁêÜÊñπÊ≥ï.tex
LaTeX2e <2023-11-01> patch level 1
L3 programming layer <2024-02-20>
(/usr/local/texlive/2024/texmf-dist/tex/latex/ctex/ctexbook.cls (/usr/local/texlive/2024/texmf-dist/tex/latex/ctex/config/ctexbackend.cfg
File: ctexbackend.cfg 2022/07/14 v2.5.10 Backend configuration file (CTEX)
) (/usr/local/texlive/2024/texmf-dist/tex/latex/l3kernel/expl3.sty
Package: expl3 2024-02-20 L3 programming layer (loader) 
 (/usr/local/texlive/2024/texmf-dist/tex/latex/l3backend/l3backend-pdftex.def
File: l3backend-pdftex.def 2024-02-20 L3 backend support: PDF output (pdfTeX)
\l__color_backend_stack_int=\count188
\l__pdf_internal_box=\box51
))
Document Class: ctexbook 2022/07/14 v2.5.10 Chinese adapter for class book (CTEX)
(/usr/local/texlive/2024/texmf-dist/tex/latex/ctex/ctexhook.sty
Package: ctexhook 2022/07/14 v2.5.10 Document and package hooks (CTEX)
) (/usr/local/texlive/2024/texmf-dist/tex/latex/ctex/ctexpatch.sty
Package: ctexpatch 2022/07/14 v2.5.10 Patching commands (CTEX)
) (/usr/local/texlive/2024/texmf-dist/tex/latex/base/fix-cm.sty
Package: fix-cm 2020/11/24 v1.1t fixes to LaTeX
 (/usr/local/texlive/2024/texmf-dist/tex/latex/base/ts1enc.def
File: ts1enc.def 2001/06/05 v3.0e (jk/car/fm) Standard LaTeX file
LaTeX Font Info:    Redeclaring font encoding TS1 on input line 47.
))
\l__ctex_tmp_int=\count189
\l__ctex_tmp_box=\box52
\l__ctex_tmp_dim=\dimen140
\g__ctex_section_depth_int=\count190
\g__ctex_font_size_int=\count191
 (/usr/local/texlive/2024/texmf-dist/tex/latex/ctex/config/ctexopts.cfg
File: ctexopts.cfg 2022/07/14 v2.5.10 Option configuration file (CTEX)
)

Class ctexbook Warning: Option `hyperref' is deprecated.
(ctexbook)              `hyperref' package will be loaded.

(/usr/local/texlive/2024/texmf-dist/tex/latex/base/book.cls
Document Class: book 2023/05/17 v1.4n Standard LaTeX document class
(/usr/local/texlive/2024/texmf-dist/tex/latex/base/bk10.clo
File: bk10.clo 2023/05/17 v1.4n Standard LaTeX file (size option)
)
\c@part=\count192
\c@chapter=\count193
\c@section=\count194
\c@subsection=\count195
\c@subsubsection=\count196
\c@paragraph=\count197
\c@subparagraph=\count198
\c@figure=\count199
\c@table=\count266
\abovecaptionskip=\skip48
\belowcaptionskip=\skip49
\bibindent=\dimen141
) (/usr/local/texlive/2024/texmf-dist/tex/latex/ctex/engine/ctex-engine-pdftex.def
File: ctex-engine-pdftex.def 2022/07/14 v2.5.10 (pdf)LaTeX adapter (CTEX)
 (/usr/local/texlive/2024/texmf-dist/tex/latex/cjk/texinput/CJKutf8.sty
Package: CJKutf8 2021/10/16 4.8.5
 (/usr/local/texlive/2024/texmf-dist/tex/generic/iftex/ifpdf.sty
Package: ifpdf 2019/10/25 v3.4 ifpdf legacy package. Use iftex instead.
 (/usr/local/texlive/2024/texmf-dist/tex/generic/iftex/iftex.sty
Package: iftex 2022/02/03 v1.0f TeX engine tests
)) (/usr/local/texlive/2024/texmf-dist/tex/latex/base/inputenc.sty
Package: inputenc 2021/02/14 v1.3d Input encoding file
\inpenc@prehook=\toks17
\inpenc@posthook=\toks18
) (/usr/local/texlive/2024/texmf-dist/tex/latex/cjk/texinput/CJK.sty
Package: CJK 2021/10/16 4.8.5
 (/usr/local/texlive/2024/texmf-dist/tex/latex/cjk/texinput/mule/MULEenc.sty
Package: MULEenc 2021/10/16 4.8.5
) (/usr/local/texlive/2024/texmf-dist/tex/latex/cjk/texinput/CJK.enc
File: CJK.enc 2021/10/16 4.8.5
Now handling font encoding C00 ...
... no UTF-8 mapping file for font encoding C00
Now handling font encoding C05 ...
... no UTF-8 mapping file for font encoding C05
Now handling font encoding C09 ...
... no UTF-8 mapping file for font encoding C09
Now handling font encoding C10 ...
... no UTF-8 mapping file for font encoding C10
Now handling font encoding C20 ...
... no UTF-8 mapping file for font encoding C20
Now handling font encoding C19 ...
... no UTF-8 mapping file for font encoding C19
Now handling font encoding C40 ...
... no UTF-8 mapping file for font encoding C40
Now handling font encoding C42 ...
... no UTF-8 mapping file for font encoding C42
Now handling font encoding C43 ...
... no UTF-8 mapping file for font encoding C43
Now handling font encoding C50 ...
... no UTF-8 mapping file for font encoding C50
Now handling font encoding C52 ...
... no UTF-8 mapping file for font encoding C52
Now handling font encoding C49 ...
... no UTF-8 mapping file for font encoding C49
Now handling font encoding C60 ...
... no UTF-8 mapping file for font encoding C60
Now handling font encoding C61 ...
... no UTF-8 mapping file for font encoding C61
Now handling font encoding C63 ...
... no UTF-8 mapping file for font encoding C63
Now handling font encoding C64 ...
... no UTF-8 mapping file for font encoding C64
Now handling font encoding C65 ...
... no UTF-8 mapping file for font encoding C65
Now handling font encoding C70 ...
... no UTF-8 mapping file for font encoding C70
Now handling font encoding C31 ...
... no UTF-8 mapping file for font encoding C31
Now handling font encoding C32 ...
... no UTF-8 mapping file for font encoding C32
Now handling font encoding C33 ...
... no UTF-8 mapping file for font encoding C33
Now handling font encoding C34 ...
... no UTF-8 mapping file for font encoding C34
Now handling font encoding C35 ...
... no UTF-8 mapping file for font encoding C35
Now handling font encoding C36 ...
... no UTF-8 mapping file for font encoding C36
Now handling font encoding C37 ...
... no UTF-8 mapping file for font encoding C37
Now handling font encoding C80 ...
... no UTF-8 mapping file for font encoding C80
Now handling font encoding C81 ...
... no UTF-8 mapping file for font encoding C81
Now handling font encoding C01 ...
... no UTF-8 mapping file for font encoding C01
Now handling font encoding C11 ...
... no UTF-8 mapping file for font encoding C11
Now handling font encoding C21 ...
... no UTF-8 mapping file for font encoding C21
Now handling font encoding C41 ...
... no UTF-8 mapping file for font encoding C41
Now handling font encoding C62 ...
... no UTF-8 mapping file for font encoding C62
)
\CJK@indent=\box53
) (/usr/local/texlive/2024/texmf-dist/tex/latex/base/fontenc.sty
Package: fontenc 2021/04/29 v2.0v Standard LaTeX package
)) (/usr/local/texlive/2024/texmf-dist/tex/latex/cjkpunct/CJKpunct.sty
Package: CJKpunct 2016/05/14 4.8.4
\CJKpunct@cnta=\count267
\CJKpunct@cntb=\count268
\CJKpunct@cntc=\count269
\CJKpunct@cntd=\count270
\CJKpunct@cnte=\count271
   defining Unicode char U+2018 (decimal 8216)
   defining Unicode char U+2019 (decimal 8217)
   defining Unicode char U+201C (decimal 8220)
   defining Unicode char U+201D (decimal 8221)
   defining Unicode char U+2014 (decimal 8212)
   defining Unicode char U+2026 (decimal 8230)
 (/usr/local/texlive/2024/texmf-dist/tex/latex/cjkpunct/CJKpunct.spa)) (/usr/local/texlive/2024/texmf-dist/tex/latex/cjk/texinput/CJKspace.sty
Package: CJKspace 2021/10/16 3.8.0
) (/usr/local/texlive/2024/texmf-dist/tex/latex/cjk/texinput/UTF8/UTF8.bdg
File: UTF8.bdg 2021/10/16 4.8.5
) (/usr/local/texlive/2024/texmf-dist/tex/latex/ctex/ctexspa.def
File: ctexspa.def 2022/07/14 v2.5.10 Space info for CJKpunct (CTEX)
)
\ccwd=\dimen142
\l__ctex_ccglue_skip=\skip50
)
\l__ctex_ziju_dim=\dimen143
 (/usr/local/texlive/2024/texmf-dist/tex/latex/zhnumber/zhnumber.sty
Package: zhnumber 2022/07/14 v3.0 Typesetting numbers with Chinese glyphs
\l__zhnum_scale_int=\count272
\l__zhnum_tmp_int=\count273
 (/usr/local/texlive/2024/texmf-dist/tex/latex/zhnumber/zhnumber-utf8.cfg
File: zhnumber-utf8.cfg 2022/07/14 v3.0 Chinese numerals with UTF8 encoding
))
\l__ctex_heading_skip=\skip51
 (/usr/local/texlive/2024/texmf-dist/tex/latex/ctex/scheme/ctex-scheme-chinese-book.def
File: ctex-scheme-chinese-book.def 2022/07/14 v2.5.10 Chinese scheme for book (CTEX)
 (/usr/local/texlive/2024/texmf-dist/tex/latex/ctex/config/ctex-name-utf8.cfg
File: ctex-name-utf8.cfg 2022/07/14 v2.5.10 Caption with encoding UTF-8 (CTEX)
)) (/usr/local/texlive/2024/texmf-dist/tex/latex/ctex/ctex-c5size.clo
File: ctex-c5size.clo 2022/07/14 v2.5.10 c5size option (CTEX)
) (/usr/local/texlive/2024/texmf-dist/tex/latex/ctex/fontset/ctex-fontset-mac.def
File: ctex-fontset-mac.def 2022/07/14 v2.5.10 macOS fonts definition (CTEX)
 (/usr/local/texlive/2024/texmf-dist/tex/latex/ctex/fontset/ctex-fontset-macold.def
File: ctex-fontset-macold.def 2022/07/14 v2.5.10 macOS fonts definition for Yosemite or earlier version (CTEX)


/usr/local/texlive/2024/texmf-dist/tex/latex/ctex/fontset/ctex-fontset-macold.def:44: Critical Class ctexbook Error: CTeX fontset `mac' is unavailable in current
(ctexbook)                       mode.

Type <return> to continue.
 ...                                              
                                                  
l.44   }
        

LaTeX does not know anything more about this error, sorry.

Try typing <return> to proceed.
If that doesn't work, type X <return> to quit.

Reading the current file 'ctex-fontset-macold' will stop.


))) (/usr/local/texlive/2024/texmf-dist/tex/latex/ctex/config/ctex.cfg
File: ctex.cfg 2022/07/14 v2.5.10 Configuration file (CTEX)
) (/usr/local/texlive/2024/texmf-dist/tex/latex/graphics/graphicx.sty
Package: graphicx 2021/09/16 v1.2d Enhanced LaTeX Graphics (DPC,SPQR)
 (/usr/local/texlive/2024/texmf-dist/tex/latex/graphics/keyval.sty
Package: keyval 2022/05/29 v1.15 key=value parser (DPC)
\KV@toks@=\toks19
) (/usr/local/texlive/2024/texmf-dist/tex/latex/graphics/graphics.sty
Package: graphics 2022/03/10 v1.4e Standard LaTeX Graphics (DPC,SPQR)
 (/usr/local/texlive/2024/texmf-dist/tex/latex/graphics/trig.sty
Package: trig 2021/08/11 v1.11 sin cos tan (DPC)
) (/usr/local/texlive/2024/texmf-dist/tex/latex/graphics-cfg/graphics.cfg
File: graphics.cfg 2016/06/04 v1.11 sample graphics configuration
)
Package graphics Info: Driver file: dvipdfmx.def on input line 107.
 (/usr/local/texlive/2024/texmf-dist/tex/latex/graphics-def/dvipdfmx.def
File: dvipdfmx.def 2022/09/22 v5.0m Graphics/color driver for dvipdfmx
))
\Gin@req@height=\dimen144
\Gin@req@width=\dimen145
) (/usr/local/texlive/2024/texmf-dist/tex/latex/gbt7714/gbt7714.sty
Package: gbt7714 2022/10/03 v2.1.5 GB/T 7714 BibTeX Style
 (/usr/local/texlive/2024/texmf-dist/tex/latex/natbib/natbib.sty
Package: natbib 2010/09/13 8.31b (PWD, AO)
\bibhang=\skip52
\bibsep=\skip53
LaTeX Info: Redefining \cite on input line 694.
\c@NAT@ctr=\count274
) (/usr/local/texlive/2024/texmf-dist/tex/latex/url/url.sty
\Urlmuskip=\muskip16
Package: url 2013/09/16  ver 3.4  Verb mode for urls, etc.
)) (/usr/local/texlive/2024/texmf-dist/tex/latex/float/float.sty
Package: float 2001/11/08 v1.3d Float enhancements (AL)
\c@float@type=\count275
\float@exts=\toks20
\float@box=\box54
\@float@everytoks=\toks21
\@floatcapt=\box55
) (/usr/local/texlive/2024/texmf-dist/tex/latex/ragged2e/ragged2e.sty
Package: ragged2e 2023/06/22 v3.6 ragged2e Package
\CenteringLeftskip=\skip54
\RaggedLeftLeftskip=\skip55
\RaggedRightLeftskip=\skip56
\CenteringRightskip=\skip57
\RaggedLeftRightskip=\skip58
\RaggedRightRightskip=\skip59
\CenteringParfillskip=\skip60
\RaggedLeftParfillskip=\skip61
\RaggedRightParfillskip=\skip62
\JustifyingParfillskip=\skip63
\CenteringParindent=\skip64
\RaggedLeftParindent=\skip65
\RaggedRightParindent=\skip66
\JustifyingParindent=\skip67
) (/usr/local/texlive/2024/texmf-dist/tex/latex/braket/braket.sty) (/usr/local/texlive/2024/texmf-dist/tex/latex/amscls/amsthm.sty
Package: amsthm 2020/05/29 v2.20.6
\thm@style=\toks22
\thm@bodyfont=\toks23
\thm@headfont=\toks24
\thm@notefont=\toks25
\thm@headpunct=\toks26
\thm@preskip=\skip68
\thm@postskip=\skip69
\thm@headsep=\skip70
\dth@everypar=\toks27
) (/usr/local/texlive/2024/texmf-dist/tex/latex/amsfonts/amssymb.sty
Package: amssymb 2013/01/14 v3.01 AMS font symbols
 (/usr/local/texlive/2024/texmf-dist/tex/latex/amsfonts/amsfonts.sty
Package: amsfonts 2013/01/14 v3.01 Basic AMSFonts support
\@emptytoks=\toks28
\symAMSa=\mathgroup4
\symAMSb=\mathgroup5
LaTeX Font Info:    Redeclaring math symbol \hbar on input line 98.
LaTeX Font Info:    Overwriting math alphabet `\mathfrak' in version `bold'
(Font)                  U/euf/m/n --> U/euf/b/n on input line 106.
)) (/usr/local/texlive/2024/texmf-dist/tex/latex/amsmath/amsmath.sty
Package: amsmath 2023/05/13 v2.17o AMS math features
\@mathmargin=\skip71

For additional information on amsmath, use the `?' option.
(/usr/local/texlive/2024/texmf-dist/tex/latex/amsmath/amstext.sty
Package: amstext 2021/08/26 v2.01 AMS text
 (/usr/local/texlive/2024/texmf-dist/tex/latex/amsmath/amsgen.sty
File: amsgen.sty 1999/11/30 v2.0 generic functions
\@emptytoks=\toks29
\ex@=\dimen146
)) (/usr/local/texlive/2024/texmf-dist/tex/latex/amsmath/amsbsy.sty
Package: amsbsy 1999/11/29 v1.2d Bold Symbols
\pmbraise@=\dimen147
) (/usr/local/texlive/2024/texmf-dist/tex/latex/amsmath/amsopn.sty
Package: amsopn 2022/04/08 v2.04 operator names
)
\inf@bad=\count276
LaTeX Info: Redefining \frac on input line 234.
\uproot@=\count277
\leftroot@=\count278
LaTeX Info: Redefining \overline on input line 399.
LaTeX Info: Redefining \colon on input line 410.
\classnum@=\count279
\DOTSCASE@=\count280
LaTeX Info: Redefining \ldots on input line 496.
LaTeX Info: Redefining \dots on input line 499.
LaTeX Info: Redefining \cdots on input line 620.
\Mathstrutbox@=\box56
\strutbox@=\box57
LaTeX Info: Redefining \big on input line 722.
LaTeX Info: Redefining \Big on input line 723.
LaTeX Info: Redefining \bigg on input line 724.
LaTeX Info: Redefining \Bigg on input line 725.
\big@size=\dimen148
LaTeX Font Info:    Redeclaring font encoding OML on input line 743.
LaTeX Font Info:    Redeclaring font encoding OMS on input line 744.
\macc@depth=\count281
LaTeX Info: Redefining \bmod on input line 905.
LaTeX Info: Redefining \pmod on input line 910.
LaTeX Info: Redefining \smash on input line 940.
LaTeX Info: Redefining \relbar on input line 970.
LaTeX Info: Redefining \Relbar on input line 971.
\c@MaxMatrixCols=\count282
\dotsspace@=\muskip17
\c@parentequation=\count283
\dspbrk@lvl=\count284
\tag@help=\toks30
\row@=\count285
\column@=\count286
\maxfields@=\count287
\andhelp@=\toks31
\eqnshift@=\dimen149
\alignsep@=\dimen150
\tagshift@=\dimen151
\tagwidth@=\dimen152
\totwidth@=\dimen153
\lineht@=\dimen154
\@envbody=\toks32
\multlinegap=\skip72
\multlinetaggap=\skip73
\mathdisplay@stack=\toks33
LaTeX Info: Redefining \[ on input line 2953.
LaTeX Info: Redefining \] on input line 2954.
) (/usr/local/texlive/2024/texmf-dist/tex/latex/jknapltx/mathrsfs.sty
Package: mathrsfs 1996/01/01 Math RSFS package v1.0 (jk)
\symrsfs=\mathgroup6
) (/usr/local/texlive/2024/texmf-dist/tex/latex/tools/enumerate.sty
Package: enumerate 2023/07/04 v3.00 enumerate extensions (DPC)
\@enLab=\toks34
) (/usr/local/texlive/2024/texmf-dist/tex/latex/wrapfig/wrapfig.sty
\wrapoverhang=\dimen155
\WF@size=\dimen156
\c@WF@wrappedlines=\count288
\WF@box=\box58
\WF@everypar=\toks35
Package: wrapfig 2003/01/31  v 3.6
) (/usr/local/texlive/2024/texmf-dist/tex/generic/xypic/xypic.sty (/usr/local/texlive/2024/texmf-dist/tex/generic/xypic/xy.sty (/usr/local/texlive/2024/texmf-dist/tex/generic/xypic/xy.tex Bootstrap'ing: catcodes, docmode, (/usr/local/texlive/2024/texmf-dist/tex/generic/xypic/xyrecat.tex) (/usr/local/texlive/2024/texmf-dist/tex/generic/xypic/xyidioms.tex)

 Xy-pic version 3.8.9 <2013/10/06>
 Copyright (c) 1991-2013 by Kristoffer H. Rose <krisrose@tug.org> and others
 Xy-pic is free software: see the User's Guide for details.

Loading kernel: messages; fonts; allocations: state,
\X@c=\dimen157
\Y@c=\dimen158
\U@c=\dimen159
\D@c=\dimen160
\L@c=\dimen161
\R@c=\dimen162
\Edge@c=\toks36
\X@p=\dimen163
\Y@p=\dimen164
\U@p=\dimen165
\D@p=\dimen166
\L@p=\dimen167
\R@p=\dimen168
\Edge@p=\toks37
\X@origin=\dimen169
\Y@origin=\dimen170
\X@xbase=\dimen171
\Y@xbase=\dimen172
\X@ybase=\dimen173
\Y@ybase=\dimen174
\X@min=\dimen175
\Y@min=\dimen176
\X@max=\dimen177
\Y@max=\dimen178
\lastobjectbox@=\box59
\zerodotbox@=\box60
\almostz@=\dimen179
 direction,
\d@X=\dimen180
\d@Y=\dimen181
\K@=\count289
\KK@=\count290
\Direction=\count291
\K@dXdY=\dimen182
\K@dYdX=\dimen183
\xyread@=\read2
\xywrite@=\write3
\csp@=\count292
\quotPTK@=\dimen184
 utility macros; pictures: \xy, positions,
\swaptoks@@=\toks38
\connectobjectbox@@=\box61
 objects,
\styletoks@=\toks39
 decorations; kernel objects: directionals, circles, text; options; algorithms: directions, edges, connections;  Xy-pic loaded)

LaTeX Warning: You have requested package `xypic',
               but the package provides `xy'.

Package: xy 2013/10/06 Xy-pic version 3.8.9
(/usr/local/texlive/2024/texmf-dist/tex/generic/xypic/xypdf.tex  Xy-pic option: PDF driver v.1.7 loaded)) (/usr/local/texlive/2024/texmf-dist/tex/generic/xypic/xyv2.tex  Xy-pic option: Version 2 Compatibility v.3.8

Xy-pic Warning: `\stop' redefined.

(/usr/local/texlive/2024/texmf-dist/tex/generic/xypic/xyframe.tex  Xy-pic option: Frame and Bracket extension v.3.14 loaded) Xy-pic pdf driver: `frame' extension support (/usr/local/texlive/2024/texmf-dist/tex/generic/xypic/xypdf-fr.tex (/usr/local/texlive/2024/texmf-dist/tex/generic/xypic/xycurve.tex  Xy-pic option: Curve and Spline extension v.3.12 curve,
\crv@cnt@=\count293
\crvpts@=\toks40
\splinebox@=\box62
\splineval@=\dimen185
\splinedepth@=\dimen186
\splinetol@=\dimen187
\splinelength@=\dimen188
 circles,
\L@=\dimen189
 loaded) Xy-pic pdf driver: `curve' extension support (/usr/local/texlive/2024/texmf-dist/tex/generic/xypic/xypdf-cu.tex loaded) loaded) (/usr/local/texlive/2024/texmf-dist/tex/generic/xypic/xymatrix.tex  Xy-pic option: Matrix feature v.3.14
\Row=\count294
\Col=\count295
\queue@=\toks41
\queue@@=\toks42
\qcount@=\count296
\qcount@@=\count297
\matrixsize@=\count298
 loaded) (/usr/local/texlive/2024/texmf-dist/tex/generic/xypic/xyarrow.tex  Xy-pic option: Arrow and Path feature v.3.9 path, \ar, loaded) loaded)) (/usr/local/texlive/2024/texmf-dist/tex/latex/pgf/frontendlayer/tikz.sty (/usr/local/texlive/2024/texmf-dist/tex/latex/pgf/basiclayer/pgf.sty (/usr/local/texlive/2024/texmf-dist/tex/latex/pgf/utilities/pgfrcs.sty (/usr/local/texlive/2024/texmf-dist/tex/generic/pgf/utilities/pgfutil-common.tex
\pgfutil@everybye=\toks43
\pgfutil@tempdima=\dimen190
\pgfutil@tempdimb=\dimen191
) (/usr/local/texlive/2024/texmf-dist/tex/generic/pgf/utilities/pgfutil-latex.def
\pgfutil@abb=\box63
) (/usr/local/texlive/2024/texmf-dist/tex/generic/pgf/utilities/pgfrcs.code.tex (/usr/local/texlive/2024/texmf-dist/tex/generic/pgf/pgf.revision.tex)
Package: pgfrcs 2023-01-15 v3.1.10 (3.1.10)
))
Package: pgf 2023-01-15 v3.1.10 (3.1.10)
 (/usr/local/texlive/2024/texmf-dist/tex/latex/pgf/basiclayer/pgfcore.sty (/usr/local/texlive/2024/texmf-dist/tex/latex/pgf/systemlayer/pgfsys.sty (/usr/local/texlive/2024/texmf-dist/tex/generic/pgf/systemlayer/pgfsys.code.tex
Package: pgfsys 2023-01-15 v3.1.10 (3.1.10)
 (/usr/local/texlive/2024/texmf-dist/tex/generic/pgf/utilities/pgfkeys.code.tex
\pgfkeys@pathtoks=\toks44
\pgfkeys@temptoks=\toks45
 (/usr/local/texlive/2024/texmf-dist/tex/generic/pgf/utilities/pgfkeyslibraryfiltered.code.tex
\pgfkeys@tmptoks=\toks46
))
\pgf@x=\dimen192
\pgf@y=\dimen193
\pgf@xa=\dimen194
\pgf@ya=\dimen195
\pgf@xb=\dimen196
\pgf@yb=\dimen197
\pgf@xc=\dimen198
\pgf@yc=\dimen199
\pgf@xd=\dimen256
\pgf@yd=\dimen257
\w@pgf@writea=\write4
\r@pgf@reada=\read3
\c@pgf@counta=\count299
\c@pgf@countb=\count300
\c@pgf@countc=\count301
\c@pgf@countd=\count302
\t@pgf@toka=\toks47
\t@pgf@tokb=\toks48
\t@pgf@tokc=\toks49
\pgf@sys@id@count=\count303
 (/usr/local/texlive/2024/texmf-dist/tex/generic/pgf/systemlayer/pgf.cfg
File: pgf.cfg 2023-01-15 v3.1.10 (3.1.10)
)
Driver file for pgf: pgfsys-dvipdfmx.def
 (/usr/local/texlive/2024/texmf-dist/tex/generic/pgf/systemlayer/pgfsys-dvipdfmx.def
File: pgfsys-dvipdfmx.def 2023-01-15 v3.1.10 (3.1.10)
 (/usr/local/texlive/2024/texmf-dist/tex/generic/pgf/systemlayer/pgfsys-common-pdf.def
File: pgfsys-common-pdf.def 2023-01-15 v3.1.10 (3.1.10)
)
\pgfsys@objnum=\count304
)) (/usr/local/texlive/2024/texmf-dist/tex/generic/pgf/systemlayer/pgfsyssoftpath.code.tex
File: pgfsyssoftpath.code.tex 2023-01-15 v3.1.10 (3.1.10)
\pgfsyssoftpath@smallbuffer@items=\count305
\pgfsyssoftpath@bigbuffer@items=\count306
) (/usr/local/texlive/2024/texmf-dist/tex/generic/pgf/systemlayer/pgfsysprotocol.code.tex
File: pgfsysprotocol.code.tex 2023-01-15 v3.1.10 (3.1.10)
)) (/usr/local/texlive/2024/texmf-dist/tex/latex/xcolor/xcolor.sty
Package: xcolor 2023/11/15 v3.01 LaTeX color extensions (UK)
 (/usr/local/texlive/2024/texmf-dist/tex/latex/graphics-cfg/color.cfg
File: color.cfg 2016/01/02 v1.6 sample color configuration
)

Package xcolor Warning: Package option `hyperref' is obsolete and ignored on input line 266.

Package xcolor Info: Driver file: pdftex.def on input line 274.
(/usr/local/texlive/2024/texmf-dist/tex/latex/graphics-def/pdftex.def
File: pdftex.def 2022/09/22 v1.2b Graphics/color driver for pdftex
) (/usr/local/texlive/2024/texmf-dist/tex/latex/graphics/mathcolor.ltx)
Package xcolor Info: Model `cmy' substituted by `cmy0' on input line 1350.
Package xcolor Info: Model `RGB' extended on input line 1366.
Package xcolor Info: Model `HTML' substituted by `rgb' on input line 1368.
Package xcolor Info: Model `Hsb' substituted by `hsb' on input line 1369.
Package xcolor Info: Model `tHsb' substituted by `hsb' on input line 1370.
Package xcolor Info: Model `HSB' substituted by `hsb' on input line 1371.
Package xcolor Info: Model `Gray' substituted by `gray' on input line 1372.
Package xcolor Info: Model `wave' substituted by `hsb' on input line 1373.
) (/usr/local/texlive/2024/texmf-dist/tex/generic/pgf/basiclayer/pgfcore.code.tex
Package: pgfcore 2023-01-15 v3.1.10 (3.1.10)
 (/usr/local/texlive/2024/texmf-dist/tex/generic/pgf/math/pgfmath.code.tex (/usr/local/texlive/2024/texmf-dist/tex/generic/pgf/math/pgfmathutil.code.tex) (/usr/local/texlive/2024/texmf-dist/tex/generic/pgf/math/pgfmathparser.code.tex
\pgfmath@dimen=\dimen258
\pgfmath@count=\count307
\pgfmath@box=\box64
\pgfmath@toks=\toks50
\pgfmath@stack@operand=\toks51
\pgfmath@stack@operation=\toks52
) (/usr/local/texlive/2024/texmf-dist/tex/generic/pgf/math/pgfmathfunctions.code.tex) (/usr/local/texlive/2024/texmf-dist/tex/generic/pgf/math/pgfmathfunctions.basic.code.tex) (/usr/local/texlive/2024/texmf-dist/tex/generic/pgf/math/pgfmathfunctions.trigonometric.code.tex) (/usr/local/texlive/2024/texmf-dist/tex/generic/pgf/math/pgfmathfunctions.random.code.tex) (/usr/local/texlive/2024/texmf-dist/tex/generic/pgf/math/pgfmathfunctions.comparison.code.tex) (/usr/local/texlive/2024/texmf-dist/tex/generic/pgf/math/pgfmathfunctions.base.code.tex) (/usr/local/texlive/2024/texmf-dist/tex/generic/pgf/math/pgfmathfunctions.round.code.tex) (/usr/local/texlive/2024/texmf-dist/tex/generic/pgf/math/pgfmathfunctions.misc.code.tex) (/usr/local/texlive/2024/texmf-dist/tex/generic/pgf/math/pgfmathfunctions.integerarithmetics.code.tex) (/usr/local/texlive/2024/texmf-dist/tex/generic/pgf/math/pgfmathcalc.code.tex) (/usr/local/texlive/2024/texmf-dist/tex/generic/pgf/math/pgfmathfloat.code.tex
\c@pgfmathroundto@lastzeros=\count308
)) (/usr/local/texlive/2024/texmf-dist/tex/generic/pgf/math/pgfint.code.tex) (/usr/local/texlive/2024/texmf-dist/tex/generic/pgf/basiclayer/pgfcorepoints.code.tex
File: pgfcorepoints.code.tex 2023-01-15 v3.1.10 (3.1.10)
\pgf@picminx=\dimen259
\pgf@picmaxx=\dimen260
\pgf@picminy=\dimen261
\pgf@picmaxy=\dimen262
\pgf@pathminx=\dimen263
\pgf@pathmaxx=\dimen264
\pgf@pathminy=\dimen265
\pgf@pathmaxy=\dimen266
\pgf@xx=\dimen267
\pgf@xy=\dimen268
\pgf@yx=\dimen269
\pgf@yy=\dimen270
\pgf@zx=\dimen271
\pgf@zy=\dimen272
) (/usr/local/texlive/2024/texmf-dist/tex/generic/pgf/basiclayer/pgfcorepathconstruct.code.tex
File: pgfcorepathconstruct.code.tex 2023-01-15 v3.1.10 (3.1.10)
\pgf@path@lastx=\dimen273
\pgf@path@lasty=\dimen274
) (/usr/local/texlive/2024/texmf-dist/tex/generic/pgf/basiclayer/pgfcorepathusage.code.tex
File: pgfcorepathusage.code.tex 2023-01-15 v3.1.10 (3.1.10)
\pgf@shorten@end@additional=\dimen275
\pgf@shorten@start@additional=\dimen276
) (/usr/local/texlive/2024/texmf-dist/tex/generic/pgf/basiclayer/pgfcorescopes.code.tex
File: pgfcorescopes.code.tex 2023-01-15 v3.1.10 (3.1.10)
\pgfpic=\box65
\pgf@hbox=\box66
\pgf@layerbox@main=\box67
\pgf@picture@serial@count=\count309
) (/usr/local/texlive/2024/texmf-dist/tex/generic/pgf/basiclayer/pgfcoregraphicstate.code.tex
File: pgfcoregraphicstate.code.tex 2023-01-15 v3.1.10 (3.1.10)
\pgflinewidth=\dimen277
) (/usr/local/texlive/2024/texmf-dist/tex/generic/pgf/basiclayer/pgfcoretransformations.code.tex
File: pgfcoretransformations.code.tex 2023-01-15 v3.1.10 (3.1.10)
\pgf@pt@x=\dimen278
\pgf@pt@y=\dimen279
\pgf@pt@temp=\dimen280
) (/usr/local/texlive/2024/texmf-dist/tex/generic/pgf/basiclayer/pgfcorequick.code.tex
File: pgfcorequick.code.tex 2023-01-15 v3.1.10 (3.1.10)
) (/usr/local/texlive/2024/texmf-dist/tex/generic/pgf/basiclayer/pgfcoreobjects.code.tex
File: pgfcoreobjects.code.tex 2023-01-15 v3.1.10 (3.1.10)
) (/usr/local/texlive/2024/texmf-dist/tex/generic/pgf/basiclayer/pgfcorepathprocessing.code.tex
File: pgfcorepathprocessing.code.tex 2023-01-15 v3.1.10 (3.1.10)
) (/usr/local/texlive/2024/texmf-dist/tex/generic/pgf/basiclayer/pgfcorearrows.code.tex
File: pgfcorearrows.code.tex 2023-01-15 v3.1.10 (3.1.10)
\pgfarrowsep=\dimen281
) (/usr/local/texlive/2024/texmf-dist/tex/generic/pgf/basiclayer/pgfcoreshade.code.tex
File: pgfcoreshade.code.tex 2023-01-15 v3.1.10 (3.1.10)
\pgf@max=\dimen282
\pgf@sys@shading@range@num=\count310
\pgf@shadingcount=\count311
) (/usr/local/texlive/2024/texmf-dist/tex/generic/pgf/basiclayer/pgfcoreimage.code.tex
File: pgfcoreimage.code.tex 2023-01-15 v3.1.10 (3.1.10)
) (/usr/local/texlive/2024/texmf-dist/tex/generic/pgf/basiclayer/pgfcoreexternal.code.tex
File: pgfcoreexternal.code.tex 2023-01-15 v3.1.10 (3.1.10)
\pgfexternal@startupbox=\box68
) (/usr/local/texlive/2024/texmf-dist/tex/generic/pgf/basiclayer/pgfcorelayers.code.tex
File: pgfcorelayers.code.tex 2023-01-15 v3.1.10 (3.1.10)
) (/usr/local/texlive/2024/texmf-dist/tex/generic/pgf/basiclayer/pgfcoretransparency.code.tex
File: pgfcoretransparency.code.tex 2023-01-15 v3.1.10 (3.1.10)
) (/usr/local/texlive/2024/texmf-dist/tex/generic/pgf/basiclayer/pgfcorepatterns.code.tex
File: pgfcorepatterns.code.tex 2023-01-15 v3.1.10 (3.1.10)
) (/usr/local/texlive/2024/texmf-dist/tex/generic/pgf/basiclayer/pgfcorerdf.code.tex
File: pgfcorerdf.code.tex 2023-01-15 v3.1.10 (3.1.10)
))) (/usr/local/texlive/2024/texmf-dist/tex/generic/pgf/modules/pgfmoduleshapes.code.tex
File: pgfmoduleshapes.code.tex 2023-01-15 v3.1.10 (3.1.10)
\pgfnodeparttextbox=\box69
) (/usr/local/texlive/2024/texmf-dist/tex/generic/pgf/modules/pgfmoduleplot.code.tex
File: pgfmoduleplot.code.tex 2023-01-15 v3.1.10 (3.1.10)
) (/usr/local/texlive/2024/texmf-dist/tex/latex/pgf/compatibility/pgfcomp-version-0-65.sty
Package: pgfcomp-version-0-65 2023-01-15 v3.1.10 (3.1.10)
\pgf@nodesepstart=\dimen283
\pgf@nodesepend=\dimen284
) (/usr/local/texlive/2024/texmf-dist/tex/latex/pgf/compatibility/pgfcomp-version-1-18.sty
Package: pgfcomp-version-1-18 2023-01-15 v3.1.10 (3.1.10)
)) (/usr/local/texlive/2024/texmf-dist/tex/latex/pgf/utilities/pgffor.sty (/usr/local/texlive/2024/texmf-dist/tex/latex/pgf/utilities/pgfkeys.sty (/usr/local/texlive/2024/texmf-dist/tex/generic/pgf/utilities/pgfkeys.code.tex)) (/usr/local/texlive/2024/texmf-dist/tex/latex/pgf/math/pgfmath.sty (/usr/local/texlive/2024/texmf-dist/tex/generic/pgf/math/pgfmath.code.tex)) (/usr/local/texlive/2024/texmf-dist/tex/generic/pgf/utilities/pgffor.code.tex
Package: pgffor 2023-01-15 v3.1.10 (3.1.10)
\pgffor@iter=\dimen285
\pgffor@skip=\dimen286
\pgffor@stack=\toks53
\pgffor@toks=\toks54
)) (/usr/local/texlive/2024/texmf-dist/tex/generic/pgf/frontendlayer/tikz/tikz.code.tex
Package: tikz 2023-01-15 v3.1.10 (3.1.10)
 (/usr/local/texlive/2024/texmf-dist/tex/generic/pgf/libraries/pgflibraryplothandlers.code.tex
File: pgflibraryplothandlers.code.tex 2023-01-15 v3.1.10 (3.1.10)
\pgf@plot@mark@count=\count312
\pgfplotmarksize=\dimen287
)
\tikz@lastx=\dimen288
\tikz@lasty=\dimen289
\tikz@lastxsaved=\dimen290
\tikz@lastysaved=\dimen291
\tikz@lastmovetox=\dimen292
\tikz@lastmovetoy=\dimen293
\tikzleveldistance=\dimen294
\tikzsiblingdistance=\dimen295
\tikz@figbox=\box70
\tikz@figbox@bg=\box71
\tikz@tempbox=\box72
\tikz@tempbox@bg=\box73
\tikztreelevel=\count313
\tikznumberofchildren=\count314
\tikznumberofcurrentchild=\count315
\tikz@fig@count=\count316
 (/usr/local/texlive/2024/texmf-dist/tex/generic/pgf/modules/pgfmodulematrix.code.tex
File: pgfmodulematrix.code.tex 2023-01-15 v3.1.10 (3.1.10)
\pgfmatrixcurrentrow=\count317
\pgfmatrixcurrentcolumn=\count318
\pgf@matrix@numberofcolumns=\count319
)
\tikz@expandcount=\count320
 (/usr/local/texlive/2024/texmf-dist/tex/generic/pgf/frontendlayer/tikz/libraries/tikzlibrarytopaths.code.tex
File: tikzlibrarytopaths.code.tex 2023-01-15 v3.1.10 (3.1.10)
))) (/usr/local/texlive/2024/texmf-dist/tex/generic/pgf/libraries/pgflibraryarrows.meta.code.tex
File: pgflibraryarrows.meta.code.tex 2023-01-15 v3.1.10 (3.1.10)
\pgfarrowinset=\dimen296
\pgfarrowlength=\dimen297
\pgfarrowwidth=\dimen298
\pgfarrowlinewidth=\dimen299
) (/usr/local/texlive/2024/texmf-dist/tex/latex/booktabs/booktabs.sty
Package: booktabs 2020/01/12 v1.61803398 Publication quality tables
\heavyrulewidth=\dimen300
\lightrulewidth=\dimen301
\cmidrulewidth=\dimen302
\belowrulesep=\dimen303
\belowbottomsep=\dimen304
\aboverulesep=\dimen305
\abovetopsep=\dimen306
\cmidrulesep=\dimen307
\cmidrulekern=\dimen308
\defaultaddspace=\dimen309
\@cmidla=\count321
\@cmidlb=\count322
\@aboverulesep=\dimen310
\@belowrulesep=\dimen311
\@thisruleclass=\count323
\@lastruleclass=\count324
\@thisrulewidth=\dimen312
) (/usr/local/texlive/2024/texmf-dist/tex/latex/geometry/geometry.sty
Package: geometry 2020/01/02 v5.9 Page Geometry
 (/usr/local/texlive/2024/texmf-dist/tex/generic/iftex/ifvtex.sty
Package: ifvtex 2019/10/25 v1.7 ifvtex legacy package. Use iftex instead.
)
\Gm@cnth=\count325
\Gm@cntv=\count326
\c@Gm@tempcnt=\count327
\Gm@bindingoffset=\dimen313
\Gm@wd@mp=\dimen314
\Gm@odd@mp=\dimen315
\Gm@even@mp=\dimen316
\Gm@layoutwidth=\dimen317
\Gm@layoutheight=\dimen318
\Gm@layouthoffset=\dimen319
\Gm@layoutvoffset=\dimen320
\Gm@dimlist=\toks55
) (/usr/local/texlive/2024/texmf-dist/tex/latex/tools/tabularx.sty
Package: tabularx 2023/07/08 v2.11c `tabularx' package (DPC)
 (/usr/local/texlive/2024/texmf-dist/tex/latex/tools/array.sty
Package: array 2023/10/16 v2.5g Tabular extension package (FMi)
\col@sep=\dimen321
\ar@mcellbox=\box74
\extrarowheight=\dimen322
\NC@list=\toks56
\extratabsurround=\skip74
\backup@length=\skip75
\ar@cellbox=\box75
)
\TX@col@width=\dimen323
\TX@old@table=\dimen324
\TX@old@col=\dimen325
\TX@target=\dimen326
\TX@delta=\dimen327
\TX@cols=\count328
\TX@ftn=\toks57
) (/usr/local/texlive/2024/texmf-dist/tex/latex/caption/caption.sty
Package: caption 2023/08/05 v3.6o Customizing captions (AR)
 (/usr/local/texlive/2024/texmf-dist/tex/latex/caption/caption3.sty
Package: caption3 2023/07/31 v2.4d caption3 kernel (AR)
\caption@tempdima=\dimen328
\captionmargin=\dimen329
\caption@leftmargin=\dimen330
\caption@rightmargin=\dimen331
\caption@width=\dimen332
\caption@indent=\dimen333
\caption@parindent=\dimen334
\caption@hangindent=\dimen335
Package caption Info: Standard document class detected.
)
\c@caption@flags=\count329
\c@continuedfloat=\count330
Package caption Info: float package is loaded.
Package caption Info: wrapfig package is loaded.
) (/usr/local/texlive/2024/texmf-dist/tex/latex/hyperref/hyperref.sty
Package: hyperref 2024-01-20 v7.01h Hypertext links for LaTeX
 (/usr/local/texlive/2024/texmf-dist/tex/latex/kvsetkeys/kvsetkeys.sty
Package: kvsetkeys 2022-10-05 v1.19 Key value parser (HO)
) (/usr/local/texlive/2024/texmf-dist/tex/generic/kvdefinekeys/kvdefinekeys.sty
Package: kvdefinekeys 2019-12-19 v1.6 Define keys (HO)
) (/usr/local/texlive/2024/texmf-dist/tex/generic/pdfescape/pdfescape.sty
Package: pdfescape 2019/12/09 v1.15 Implements pdfTeX's escape features (HO)
 (/usr/local/texlive/2024/texmf-dist/tex/generic/ltxcmds/ltxcmds.sty
Package: ltxcmds 2023-12-04 v1.26 LaTeX kernel commands for general use (HO)
) (/usr/local/texlive/2024/texmf-dist/tex/generic/pdftexcmds/pdftexcmds.sty
Package: pdftexcmds 2020-06-27 v0.33 Utility functions of pdfTeX for LuaTeX (HO)
 (/usr/local/texlive/2024/texmf-dist/tex/generic/infwarerr/infwarerr.sty
Package: infwarerr 2019/12/03 v1.5 Providing info/warning/error messages (HO)
)
Package pdftexcmds Info: \pdf@primitive is available.
Package pdftexcmds Info: \pdf@ifprimitive is available.
Package pdftexcmds Info: \pdfdraftmode found.
)) (/usr/local/texlive/2024/texmf-dist/tex/latex/hycolor/hycolor.sty
Package: hycolor 2020-01-27 v1.10 Color options for hyperref/bookmark (HO)
) (/usr/local/texlive/2024/texmf-dist/tex/latex/auxhook/auxhook.sty
Package: auxhook 2019-12-17 v1.6 Hooks for auxiliary files (HO)
) (/usr/local/texlive/2024/texmf-dist/tex/latex/hyperref/nameref.sty
Package: nameref 2023-11-26 v2.56 Cross-referencing by name of section
 (/usr/local/texlive/2024/texmf-dist/tex/latex/refcount/refcount.sty
Package: refcount 2019/12/15 v3.6 Data extraction from label references (HO)
) (/usr/local/texlive/2024/texmf-dist/tex/generic/gettitlestring/gettitlestring.sty
Package: gettitlestring 2019/12/15 v1.6 Cleanup title references (HO)
 (/usr/local/texlive/2024/texmf-dist/tex/latex/kvoptions/kvoptions.sty
Package: kvoptions 2022-06-15 v3.15 Key value format for package options (HO)
))
\c@section@level=\count331
) (/usr/local/texlive/2024/texmf-dist/tex/latex/etoolbox/etoolbox.sty
Package: etoolbox 2020/10/05 v2.5k e-TeX tools for LaTeX (JAW)
\etb@tempcnta=\count332
)
\@linkdim=\dimen336
\Hy@linkcounter=\count333
\Hy@pagecounter=\count334
 (/usr/local/texlive/2024/texmf-dist/tex/latex/hyperref/pd1enc.def
File: pd1enc.def 2024-01-20 v7.01h Hyperref: PDFDocEncoding definition (HO)
Now handling font encoding PD1 ...
... no UTF-8 mapping file for font encoding PD1
) (/usr/local/texlive/2024/texmf-dist/tex/generic/intcalc/intcalc.sty
Package: intcalc 2019/12/15 v1.3 Expandable calculations with integers (HO)
)
\Hy@SavedSpaceFactor=\count335
 (/usr/local/texlive/2024/texmf-dist/tex/latex/hyperref/puenc.def
File: puenc.def 2024-01-20 v7.01h Hyperref: PDF Unicode definition (HO)
Now handling font encoding PU ...
... no UTF-8 mapping file for font encoding PU
)
Package hyperref Info: Option `unicode' set `true' on input line 4062.
Package hyperref Info: Hyper figures OFF on input line 4179.
Package hyperref Info: Link nesting OFF on input line 4184.
Package hyperref Info: Hyper index ON on input line 4187.
Package hyperref Info: Plain pages OFF on input line 4194.
Package hyperref Info: Backreferencing OFF on input line 4199.
Package hyperref Info: Implicit mode ON; LaTeX internals redefined.
Package hyperref Info: Bookmarks ON on input line 4446.
\c@Hy@tempcnt=\count336
LaTeX Info: Redefining \url on input line 4784.
\XeTeXLinkMargin=\dimen337
 (/usr/local/texlive/2024/texmf-dist/tex/generic/bitset/bitset.sty
Package: bitset 2019/12/09 v1.3 Handle bit-vector datatype (HO)
 (/usr/local/texlive/2024/texmf-dist/tex/generic/bigintcalc/bigintcalc.sty
Package: bigintcalc 2019/12/15 v1.5 Expandable calculations on big integers (HO)
))
\Fld@menulength=\count337
\Field@Width=\dimen338
\Fld@charsize=\dimen339
Package hyperref Info: Hyper figures OFF on input line 6063.
Package hyperref Info: Link nesting OFF on input line 6068.
Package hyperref Info: Hyper index ON on input line 6071.
Package hyperref Info: backreferencing OFF on input line 6078.
Package hyperref Info: Link coloring OFF on input line 6083.
Package hyperref Info: Link coloring with OCG OFF on input line 6088.
Package hyperref Info: PDF/A mode OFF on input line 6093.
 (/usr/local/texlive/2024/texmf-dist/tex/latex/base/atbegshi-ltx.sty
Package: atbegshi-ltx 2021/01/10 v1.0c Emulation of the original atbegshi
package with kernel methods
)
\Hy@abspage=\count338
\c@Item=\count339
\c@Hfootnote=\count340
)
Package hyperref Info: Driver (autodetected): hpdftex.
 (/usr/local/texlive/2024/texmf-dist/tex/latex/hyperref/hpdftex.def
File: hpdftex.def 2024-01-20 v7.01h Hyperref driver for pdfTeX
 (/usr/local/texlive/2024/texmf-dist/tex/latex/base/atveryend-ltx.sty
Package: atveryend-ltx 2020/08/19 v1.0a Emulation of the original atveryend package
with kernel methods
)
\Fld@listcount=\count341
\c@bookmark@seq@number=\count342
 (/usr/local/texlive/2024/texmf-dist/tex/latex/rerunfilecheck/rerunfilecheck.sty
Package: rerunfilecheck 2022-07-10 v1.10 Rerun checks for auxiliary files (HO)
 (/usr/local/texlive/2024/texmf-dist/tex/generic/uniquecounter/uniquecounter.sty
Package: uniquecounter 2019/12/15 v1.4 Provide unlimited unique counter (HO)
)
Package uniquecounter Info: New unique counter `rerunfilecheck' on input line 285.
)
\Hy@SectionHShift=\skip76
)

Package hyperref Warning: Option `hypertex' has already been used,
(hyperref)                setting the option has no effect on input line 26.

Package hyperref Info: Option `colorlinks' set `true' on input line 26.
\c@eg=\count343
\c@theorem=\count344
\c@problem=\count345
(/usr/local/texlive/2024/texmf-dist/tex/latex/cjk/texinput/UTF8/UTF8.enc
File: UTF8.enc 2021/10/16 4.8.5
) (/usr/local/texlive/2024/texmf-dist/tex/latex/cjk/texinput/UTF8/UTF8.chr
File: UTF8.chr 2021/10/16 4.8.5
)
No file Êï∞ÁêÜÊñπÊ≥ï.aux.
\openout1 = `Êï∞ÁêÜÊñπÊ≥ï.aux'.

LaTeX Font Info:    Checking defaults for OML/cmm/m/it on input line 39.
LaTeX Font Info:    ... okay on input line 39.
LaTeX Font Info:    Checking defaults for OMS/cmsy/m/n on input line 39.
LaTeX Font Info:    ... okay on input line 39.
LaTeX Font Info:    Checking defaults for OT1/cmr/m/n on input line 39.
LaTeX Font Info:    ... okay on input line 39.
LaTeX Font Info:    Checking defaults for T1/cmr/m/n on input line 39.
LaTeX Font Info:    ... okay on input line 39.
LaTeX Font Info:    Checking defaults for TS1/cmr/m/n on input line 39.
LaTeX Font Info:    ... okay on input line 39.
LaTeX Font Info:    Checking defaults for OMX/cmex/m/n on input line 39.
LaTeX Font Info:    ... okay on input line 39.
LaTeX Font Info:    Checking defaults for U/cmr/m/n on input line 39.
LaTeX Font Info:    ... okay on input line 39.
LaTeX Font Info:    Checking defaults for C00/song/m/n on input line 39.
LaTeX Font Info:    ... okay on input line 39.
LaTeX Font Info:    Checking defaults for C05/song/m/n on input line 39.
LaTeX Font Info:    ... okay on input line 39.
LaTeX Font Info:    Checking defaults for C09/song/m/n on input line 39.
LaTeX Font Info:    ... okay on input line 39.
LaTeX Font Info:    Checking defaults for C10/song/m/n on input line 39.
LaTeX Font Info:    ... okay on input line 39.
LaTeX Font Info:    Checking defaults for C20/song/m/n on input line 39.
LaTeX Font Info:    ... okay on input line 39.
LaTeX Font Info:    Checking defaults for C19/song/m/n on input line 39.
LaTeX Font Info:    ... okay on input line 39.
LaTeX Font Info:    Checking defaults for C40/song/m/n on input line 39.
LaTeX Font Info:    ... okay on input line 39.
LaTeX Font Info:    Checking defaults for C42/song/m/n on input line 39.
LaTeX Font Info:    ... okay on input line 39.
LaTeX Font Info:    Checking defaults for C43/song/m/n on input line 39.
LaTeX Font Info:    ... okay on input line 39.
LaTeX Font Info:    Checking defaults for C50/song/m/n on input line 39.
LaTeX Font Info:    ... okay on input line 39.
LaTeX Font Info:    Checking defaults for C52/song/m/n on input line 39.
LaTeX Font Info:    ... okay on input line 39.
LaTeX Font Info:    Checking defaults for C49/song/m/n on input line 39.
LaTeX Font Info:    ... okay on input line 39.
LaTeX Font Info:    Checking defaults for C60/mj/m/n on input line 39.
LaTeX Font Info:    ... okay on input line 39.
LaTeX Font Info:    Checking defaults for C61/mj/m/n on input line 39.
LaTeX Font Info:    ... okay on input line 39.
LaTeX Font Info:    Checking defaults for C63/mj/m/n on input line 39.
LaTeX Font Info:    ... okay on input line 39.
LaTeX Font Info:    Checking defaults for C64/mj/m/n on input line 39.
LaTeX Font Info:    ... okay on input line 39.
LaTeX Font Info:    Checking defaults for C65/mj/m/n on input line 39.
LaTeX Font Info:    ... okay on input line 39.
LaTeX Font Info:    Checking defaults for C70/song/m/n on input line 39.
LaTeX Font Info:    ... okay on input line 39.
LaTeX Font Info:    Checking defaults for C31/song/m/n on input line 39.
LaTeX Font Info:    ... okay on input line 39.
LaTeX Font Info:    Checking defaults for C32/song/m/n on input line 39.
LaTeX Font Info:    ... okay on input line 39.
LaTeX Font Info:    Checking defaults for C33/song/m/n on input line 39.
LaTeX Font Info:    ... okay on input line 39.
LaTeX Font Info:    Checking defaults for C34/song/m/n on input line 39.
LaTeX Font Info:    ... okay on input line 39.
LaTeX Font Info:    Checking defaults for C35/song/m/n on input line 39.
LaTeX Font Info:    ... okay on input line 39.
LaTeX Font Info:    Checking defaults for C36/song/m/n on input line 39.
LaTeX Font Info:    ... okay on input line 39.
LaTeX Font Info:    Checking defaults for C37/song/m/n on input line 39.
LaTeX Font Info:    ... okay on input line 39.
LaTeX Font Info:    Checking defaults for C80/song/m/n on input line 39.
LaTeX Font Info:    ... okay on input line 39.
LaTeX Font Info:    Checking defaults for C81/song/m/n on input line 39.
LaTeX Font Info:    ... okay on input line 39.
LaTeX Font Info:    Checking defaults for C01/song/m/n on input line 39.
LaTeX Font Info:    ... okay on input line 39.
LaTeX Font Info:    Checking defaults for C11/song/m/n on input line 39.
LaTeX Font Info:    ... okay on input line 39.
LaTeX Font Info:    Checking defaults for C21/song/m/n on input line 39.
LaTeX Font Info:    ... okay on input line 39.
LaTeX Font Info:    Checking defaults for C41/song/m/n on input line 39.
LaTeX Font Info:    ... okay on input line 39.
LaTeX Font Info:    Checking defaults for C62/song/m/n on input line 39.
LaTeX Font Info:    ... okay on input line 39.
LaTeX Font Info:    Checking defaults for PD1/pdf/m/n on input line 39.
LaTeX Font Info:    ... okay on input line 39.
LaTeX Font Info:    Checking defaults for PU/pdf/m/n on input line 39.
LaTeX Font Info:    ... okay on input line 39.
LaTeX Font Info:    Trying to load font information for U+msa on input line 39.
(/usr/local/texlive/2024/texmf-dist/tex/latex/amsfonts/umsa.fd
File: umsa.fd 2013/01/14 v3.01 AMS symbols A
)
LaTeX Font Info:    Trying to load font information for U+msb on input line 39.
 (/usr/local/texlive/2024/texmf-dist/tex/latex/amsfonts/umsb.fd
File: umsb.fd 2013/01/14 v3.01 AMS symbols B
)
LaTeX Font Info:    Trying to load font information for U+rsfs on input line 39.
 (/usr/local/texlive/2024/texmf-dist/tex/latex/jknapltx/ursfs.fd
File: ursfs.fd 1998/03/24 rsfs font definition file (jk)
)

LaTeX Font Warning: Font shape `U/rsfs/m/n' in size <10.53937> not available
(Font)              size <10.95> substituted on input line 39.

Package xypdf Info: Line width: 0.42155pt on input line 39.
(/usr/local/texlive/2024/texmf-dist/tex/context/base/mkii/supp-pdf.mkii
[Loading MPS to PDF converter (version 2006.09.02).]
\scratchcounter=\count346
\scratchdimen=\dimen340
\scratchbox=\box76
\nofMPsegments=\count347
\nofMParguments=\count348
\everyMPshowfont=\toks58
\MPscratchCnt=\count349
\MPscratchDim=\dimen341
\MPnumerator=\count350
\makeMPintoPDFobject=\count351
\everyMPtoPDFconversion=\toks59
) (/usr/local/texlive/2024/texmf-dist/tex/latex/epstopdf-pkg/epstopdf-base.sty
Package: epstopdf-base 2020-01-24 v2.11 Base part for package epstopdf
Package epstopdf-base Info: Redefining graphics rule for `.eps' on input line 485.
 (/usr/local/texlive/2024/texmf-dist/tex/latex/latexconfig/epstopdf-sys.cfg
File: epstopdf-sys.cfg 2010/07/13 v1.3 Configuration of (r)epstopdf for TeX Live
))
*geometry* driver: auto-detecting
*geometry* detected driver: pdftex
*geometry* verbose mode - [ preamble ] result:
* driver: pdftex
* paper: a4paper
* layout: <same size as paper>
* layoutoffset:(h,v)=(0.0pt,0.0pt)
* modes: twoside 
* h-part:(L,W,R)=(90.47955pt, 416.54877pt, 90.47955pt)
* v-part:(T,H,B)=(72.2698pt, 700.50723pt, 72.2698pt)
* \paperwidth=597.50787pt
* \paperheight=845.04684pt
* \textwidth=416.54877pt
* \textheight=700.50723pt
* \oddsidemargin=18.20956pt
* \evensidemargin=18.20956pt
* \topmargin=-30.06767pt
* \headheight=12.0pt
* \headsep=18.06749pt
* \topskip=10.0pt
* \footskip=25.29494pt
* \marginparwidth=125.0pt
* \marginparsep=7.0pt
* \columnsep=10.0pt
* \skip\footins=9.0pt plus 4.0pt minus 2.0pt
* \hoffset=0.0pt
* \voffset=0.0pt
* \mag=1000
* \@twocolumnfalse
* \@twosidetrue
* \@mparswitchtrue
* \@reversemarginfalse
* (1in=72.27pt=25.4mm, 1cm=28.453pt)

Package caption Info: Begin \AtBeginDocument code.
Package caption Info: hyperref package is loaded.
Package caption Info: End \AtBeginDocument code.
Package hyperref Info: Link coloring ON on input line 39.
\@outlinefile=\write5
\openout5 = `Êï∞ÁêÜÊñπÊ≥ï.out'.

LaTeX Font Info:    Trying to load font information for C70+rm on input line 41.
(/usr/local/texlive/2024/texmf-dist/tex/latex/ctex/fd/c70rm.fd
File: c70rm.fd 2022/07/14 v2.5.10 Chinese font definition (CTEX)
)
Package CJKpunct Info: punctuation spaces for family 'rm' do not exist. Use family 'def' instead. on input line 41.
 [1
Non-PDF special ignored!
<special> papersize=597.50787pt,845.04684pt


{/usr/local/texlive/2024/texmf-var/fonts/map/pdftex/updmap/pdftex.map}] [2

]
No file Êï∞ÁêÜÊñπÊ≥ï.toc.
\tf@toc=\write6
\openout6 = `Êï∞ÁêÜÊñπÊ≥ï.toc'.

[3] [4

]
Á¨¨‰∏ÄÁ´†
[5] [6]
Á¨¨‰∫åÁ´†
[7

]
Overfull \hbox (0.59958pt too wide) in paragraph at lines 147--149
\C70/rm/m/it/10.53937/59 Ç \C70/rm/m/it/10.53937/67 ú\OT1/cmr/m/it/10.53937 p\C70/rm/m/it/10.53937/54 å\OT1/cmr/m/it/10.53937 q\C70/rm/m/it/10.53937/66 / \C70/rm/m/it/10.53937/76 ¯ \C70/rm/m/it/10.53937/5b ˘ \C70/rm/m/it/10.53937/7d   \C70/rm/m/it/10.53937/65 p|\C70/rm/m/it/10.53937/ff ^^L| \C70/rm/m/it/10.53937/90 £ \C70/rm/m/it/10.53937/4e H \C70/rm/m/it/10.53937/5c 1 \C70/rm/m/it/10.53937/5b X \C70/rm/m/it/10.53937/57 ( \C70/rm/m/it/10.53937/65 t p\OT1/cmr/m/it/10.53937 k\C70/rm/m/it/10.53937/54 å\OT1/cmr/m/it/10.53937 m\C70/rm/m/it/10.53937/4f ^^? \C70/rm/m/it/10.53937/5f ó$\OML/cmm/m/it/10.53937 kp \OT1/cmr/m/n/10.53937 + \OML/cmm/m/it/10.53937 mq \OT1/cmr/m/n/10.53937 = 1$|\C70/rm/m/it/10.53937/30 ^^B| \C70/rm/m/it/10.53937/75 1 \C70/rm/m/it/10.53937/4e é\OT1/cmr/m/it/10.53937 p\C70/rm/m/it/10.53937/66 / \C70/rm/m/it/10.53937/4e ^^@ * \C70/rm/m/it/10.53937/7d   \C70/rm/m/it/10.53937/65 p|\C70/rm/m/it/10.53937/ff ^^L| \C70/rm/m/it/10.53937/59 Ç \C70/rm/m/it/10.53937/67 ú$\OT1/cmr/m/n/10.53937 [\OML/cmm/m/it/10.53937 q\OT1/cmr/m/n/10.53937 ] \OMS/cmsy/m/n/10.53937 6\OT1/cmr/m/n/10.53937 =
 []

[8] [9]
Overfull \hbox (20.01566pt too wide) in paragraph at lines 283--284
[]\C70/rm/m/n/10.53937/8b ˜ \C70/rm/m/n/10.53937/6c Ë \C70/rm/m/n/10.53937/61 ^^O|\C70/rm/m/n/10.53937/ff ^^L| \C70/rm/m/n/10.53937/90 	 \C70/rm/m/n/10.53937/62 È \C70/rm/m/n/10.53937/5f ™ \C70/rm/m/n/10.53937/73 Ø \C70/rm/m/n/10.53937/4e - \C70/rm/m/n/10.53937/76 Ñ \C70/rm/m/n/10.53937/54 Í \C70/rm/m/n/10.53937/4e * \C70/rm/m/n/10.53937/51 C \C70/rm/m/n/10.53937/7d   \C70/rm/m/n/10.53937/4f \ \C70/rm/m/n/10.53937/4e : \C70/rm/m/n/10.53937/7b , \C70/rm/m/n/10.53937/4e ^^@ * \C70/rm/m/n/10.53937/62 ^^P \C70/rm/m/n/10.53937/54 X \C70/rm/m/n/10.53937/5e v \C70/rm/m/n/10.53937/4e ^^M \C70/rm/m/n/10.53937/91 Õ \C70/rm/m/n/10.53937/89 Å|\C70/rm/m/n/10.53937/ff ^^L| \C70/rm/m/n/10.53937/56 ‡ \C70/rm/m/n/10.53937/6b d|\C70/rm/m/n/10.53937/ff ^^L| $\OT1/cmr/m/n/10.53937 (1476) = (7614)$\C70/rm/m/n/10.53937/54 å$\OT1/cmr/m/n/10.53937 (25) =
 []

[10]

LaTeX Warning: Reference `fig:21' on page 11 undefined on input line 330.

[11] [12]
Overfull \hbox (1.92322pt too wide) in paragraph at lines 375--376
\C70/rm/bx/n/10.53937/60 ' \C70/rm/bx/n/10.53937/7f §\OT1/cmr/m/n/10.53937 (general lin-ear group of or-der n)|\C70/rm/m/n/10.53937/ff ^^L| \C70/rm/m/n/10.53937/51 v \C70/rm/m/n/10.53937/5b P \C70/rm/m/n/10.53937/7f § \C70/rm/m/n/10.53937/53 s \C70/rm/m/n/10.53937/7f § \C70/rm/m/n/10.53937/4e X \C70/rm/m/n/10.53937/6c ’ \C70/rm/m/n/10.53937/4e : \C70/rm/m/n/10.53937/77 È \C70/rm/m/n/10.53937/96 5 \C70/rm/m/n/10.53937/4e X \C70/rm/m/n/10.53937/6c ’ \C70/rm/m/n/10.53937/76 Ñ|\C70/rm/m/n/10.53937/ff ^^L| \C70/rm/m/n/10.53937/7e ﬂ \C70/rm/m/n/10.53937/79  \C70/rm/m/n/10.53937/4e : \C70/rm/bx/n/10.53937/77 È \C70/rm/bx/n/10.53937/96 5 \C70/rm/bx/n/10.53937/7f §\OT1/cmr/m/n/10.53937 (matrix
 []


LaTeX Warning: Reference `sec:2.1' on page 13 undefined on input line 422.

[13] [14]
Overfull \hbox (1.82018pt too wide) in paragraph at lines 480--482
$\OML/cmm/m/it/10.53937 C[]$\C70/rm/m/n/10.53937/66 / \C70/rm/m/n/10.53937/51 v \C70/rm/m/n/10.53937/90 ^^F|\C70/rm/m/n/10.53937/ff ^^L| \C70/rm/m/n/10.53937/65 E$\OML/cmm/m/it/10.53937 C[]$\C70/rm/m/n/10.53937/66 /$\OML/cmm/m/it/10.53937 G$\C70/rm/m/n/10.53937/4e - \C70/rm/m/n/10.53937/76 Ñ \C70/rm/m/n/10.53937/4e ^^@ * \C70/rm/m/n/10.53937/81 Í \C70/rm/m/n/10.53937/54 ^^L \C70/rm/m/n/10.53937/67 Ñ|\C70/rm/m/n/10.53937/ff ^^L| \C70/rm/m/n/10.53937/75 1$\OML/cmm/m/it/10.53937 G$\C70/rm/m/n/10.53937/4e - \C70/rm/m/n/10.53937/76 Ñ \C70/rm/m/n/10.53937/67 – \C70/rm/m/n/10.53937/4e õ \C70/rm/m/n/10.53937/51 C \C70/rm/m/n/10.53937/7d  $\OML/cmm/m/it/10.53937 g$\C70/rm/m/n/10.53937/5b ¸ \C70/rm/m/n/10.53937/51 ˙ \C70/rm/m/n/10.53937/76 Ñ \C70/rm/m/n/10.53937/54 ^^L \C70/rm/m/n/10.53937/67 Ñ \C70/rm/m/n/10.53937/79  \C70/rm/m/n/10.53937/4e : \C70/rm/bx/n/10.53937/51 Ö \C70/rm/bx/n/10.53937/81 Í \C70/rm/bx/n/10.53937/54 ^^L \C70/rm/bx/n/10.53937/67 Ñ\OT1/cmr/m/n/10.53937 (inner
 []

[15] [16]
Overfull \hbox (4.66238pt too wide) in paragraph at lines 622--623
[][]\C70/rm/bx/n/10.53937/4f ã \OT1/cmr/bx/n/10.53937 2.16. []\C70/rm/m/it/10.53937/50 v \C70/rm/m/it/10.53937/65 p t p$\OT1/cmr/m/n/10.53937 2\U/msb/m/n/10.53937 Z$\C70/rm/m/it/10.53937/5f b \C70/rm/m/it/10.53937/62 ^^P \C70/rm/m/it/10.53937/4e Ü \C70/rm/m/it/10.53937/65 t p \C70/rm/m/it/10.53937/54 å \C70/rm/m/it/10.53937/7f §$\U/msb/m/n/10.53937 Z$\C70/rm/m/it/10.53937/76 Ñ \C70/rm/m/it/10.53937/6b c \C70/rm/m/it/10.53937/89 ƒ \C70/rm/m/it/10.53937/5b P \C70/rm/m/it/10.53937/7f §|\C70/rm/m/it/10.53937/ff ^^L| \C70/rm/m/it/10.53937/56 ‡ \C70/rm/m/it/10.53937/4e : \C70/rm/m/it/10.53937/8f Ÿ \C70/rm/m/it/10.53937/66 / \C70/rm/m/it/10.53937/4e ^^@ * \C70/rm/m/it/10.53937/96 ? \C70/rm/m/it/10.53937/8d ^^] \C70/rm/m/it/10.53937/5c ^^T \C70/rm/m/it/10.53937/7f §|\C70/rm/m/it/10.53937/30 ^^B| \C70/rm/m/it/10.53937/56 ‡ \C70/rm/m/it/10.53937/5b P \C70/rm/m/it/10.53937/7f §$\U/msb/m/n/10.53937 Z\OML/cmm/m/it/10.53937 =\OT1/cmr/m/n/10.53937 2\U/msb/m/n/10.53937 Z$\C70/rm/m/it/10.53937/53 Í
 []

[17]
Overfull \hbox (11.67783pt too wide) in paragraph at lines 655--656
[]\C70/rm/m/it/10.53937/59 Ç \C70/rm/m/it/10.53937/67 ú$\OML/cmm/m/it/10.53937 ' \OT1/cmr/m/n/10.53937 : \OML/cmm/m/it/10.53937 G \OMS/cmsy/m/n/10.53937 ! \OML/cmm/m/it/10.53937 G[]$\C70/rm/m/it/10.53937/66 / \C70/rm/m/it/10.53937/4e ^^@ * \C70/rm/m/it/10.53937/54 ^^L \C70/rm/m/it/10.53937/60 ^^A \C70/rm/m/it/10.53937/66   \C70/rm/m/it/10.53937/5c ^^D|\C70/rm/m/it/10.53937/ff ^^L| \C70/rm/m/it/10.53937/90 £ \C70/rm/m/it/10.53937/4e H \C70/rm/m/it/10.53937/56 ‡ \C70/rm/m/it/10.53937/5b P \C70/rm/m/it/10.53937/7f §$\OML/cmm/m/it/10.53937 G= []\OT1/cmr/m/n/10.53937 (\OML/cmm/m/it/10.53937 '\OT1/cmr/m/n/10.53937 )$\C70/rm/m/it/10.53937/54 å \C70/rm/m/it/10.53937/5f ^^O\OT1/cmr/m/it/10.53937 (2.13)\C70/rm/m/it/10.53937/5b ö \C70/rm/m/it/10.53937/4e I \C70/rm/m/it/10.53937/76 Ñ \C70/rm/m/it/10.53937/50 œ \C70/rm/m/it/10.53937/5b P \C70/rm/m/it/10.53937/7f §$[]\OT1/cmr/m/n/10.53937 (\OML/cmm/m/it/10.53937 '\OT1/cmr/m/n/10.53937 ) \OMS/cmsy/m/n/10.53937 ^^R
 []

[18]
Overfull \hbox (4.29893pt too wide) in paragraph at lines 716--717
[]\C70/rm/m/it/10.53937/90 ^^Z \C70/rm/m/it/10.53937/5e 8 \C70/rm/m/it/10.53937/5c ^^F \C70/rm/m/it/10.53937/51 C \C70/rm/m/it/10.53937/7d  $[]$\C70/rm/m/it/10.53937/76 Ñ \C70/rm/m/it/10.53937/5b P \C70/rm/m/it/10.53937/7f § \C70/rm/m/it/10.53937/4e ^^N \C70/rm/m/it/10.53937/7f §$\OML/cmm/m/it/10.53937 G$\C70/rm/m/it/10.53937/8b § \C70/rm/m/it/10.53937/4e : \C70/rm/m/it/10.53937/66 / \C70/rm/m/it/10.53937/76 ¯ \C70/rm/m/it/10.53937/54 ^^L \C70/rm/m/it/10.53937/76 Ñ|\C70/rm/m/it/10.53937/30 ^^B| \C70/rm/m/it/10.53937/7c { \C70/rm/m/it/10.53937/4f < \C70/rm/m/it/10.53937/57 0|\C70/rm/m/it/10.53937/ff ^^L| $\OML/cmm/m/it/10.53937 H$\C70/rm/m/it/10.53937/88 ´ \C70/rm/m/it/10.53937/8b § \C70/rm/m/it/10.53937/4e : ^^N \C70/rm/m/it/10.53937/6b c \C70/rm/m/it/10.53937/89 ƒ \C70/rm/m/it/10.53937/5b P \C70/rm/m/it/10.53937/7f §$[]$\C70/rm/m/it/10.53937/7b I
 []


Overfull \hbox (22.57338pt too wide) in paragraph at lines 730--732
\C70/rm/m/n/10.53937/5b É \C70/rm/m/n/10.53937/88 ´ \C70/rm/m/n/10.53937/79  \C70/rm/m/n/10.53937/4e :\OT1/cmr/m/n/10.53937 wei$\OML/cmm/m/it/10.53937 G$\C70/rm/m/n/10.53937/76 Ñ$\OML/cmm/m/it/10.53937 n$\C70/rm/bx/n/10.53937/7e Ù \C70/rm/bx/n/10.53937/88 h \C70/rm/bx/n/10.53937/79 :\OT1/cmr/bx/n/10.53937 (n-dimensional rep-re-sen-ta-tion)|\C70/rm/m/n/10.53937/30 ^^B| \C70/rm/m/n/10.53937/7c { \C70/rm/m/n/10.53937/4f < \C70/rm/m/n/10.53937/57 0|\C70/rm/m/n/10.53937/ff ^^L| \C70/rm/m/n/10.53937/54 ^^L \C70/rm/m/n/10.53937/60 ^^A$\OML/cmm/m/it/10.53937 ^^^ \OT1/cmr/m/n/10.53937 : \OML/cmm/m/it/10.53937 G \OMS/cmsy/m/n/10.53937 !$ $\OML/cmm/m/it/10.53937 GL\OT1/cmr/m/n/10.53937 (\OML/cmm/m/it/10.53937 n; \U/msb/m/n/10.53937 C\OT1/cmr/m/n/10.53937 )$\C70/rm/m/n/10.53937/88 ´
 []

[19]

LaTeX Warning: Reference `thm:lagrange' on page 20 undefined on input line 769.


LaTeX Warning: Reference `eq:2.14' on page 20 undefined on input line 800.

[20]

LaTeX Warning: Reference `eq:2.16' on page 21 undefined on input line 806.


Overfull \hbox (2.56384pt too wide) in paragraph at lines 815--816
[]\C70/rm/m/it/10.53937/56 ‡ \C70/rm/m/it/10.53937/4e :|\C70/rm/m/it/10.53937/ff ^^L| \C70/rm/m/it/10.53937/8b æ$\OML/cmm/m/it/10.53937 g \OMS/cmsy/m/n/10.53937 2 \OML/cmm/m/it/10.53937 G[]$|\C70/rm/m/it/10.53937/ff ^^L| \C70/rm/m/it/10.53937/53 s$\OML/cmm/m/it/10.53937 gy \OT1/cmr/m/n/10.53937 = \OML/cmm/m/it/10.53937 y$|\C70/rm/m/it/10.53937/30 ^^B| \C70/rm/m/it/10.53937/75 1 \C70/rm/m/it/10.53937/4e é$\OML/cmm/m/it/10.53937 y \OT1/cmr/m/n/10.53937 = \OML/cmm/m/it/10.53937 hx$|\C70/rm/m/it/10.53937/ff ^^L| \C70/rm/m/it/10.53937/56 ‡ \C70/rm/m/it/10.53937/6b d \C70/rm/m/it/10.53937/5e î \C70/rm/m/it/10.53937/75 ($\OML/cmm/m/it/10.53937 h[]$\C70/rm/m/it/10.53937/5f ó \C70/rm/m/it/10.53937/52 0$\OML/cmm/m/it/10.53937 h[]ghx \OT1/cmr/m/n/10.53937 = \OML/cmm/m/it/10.53937 x$|\C70/rm/m/it/10.53937/30 ^^B| \C70/rm/m/it/10.53937/56 ‡ \C70/rm/m/it/10.53937/6b d$\OML/cmm/m/it/10.53937 h[]gh \OMS/cmsy/m/n/10.53937 2
 []


LaTeX Warning: Reference `sec:2.6' on page 21 undefined on input line 836.

[21] [22]
Á¨¨‰∏âÁ´†
[23

] [24]
Á¨¨ÂõõÁ´†
[25

]

LaTeX Warning: Reference `eq:4.32' on page 26 undefined on input line 936.


Overfull \hbox (4.74019pt too wide) in paragraph at lines 936--937
[]\C70/rm/m/n/10.53937/4e ˚ \C70/rm/m/n/10.53937/4f U \C70/rm/m/n/10.53937/7b ó \C70/rm/m/n/10.53937/5b P\OT1/cmr/m/n/10.53937 A|\C70/rm/m/n/10.53937/ff ^^L| \C70/rm/m/n/10.53937/53 s \C70/rm/m/n/10.53937/4f ^^? \C70/rm/m/n/10.53937/5b É \C70/rm/m/n/10.53937/66 / \C70/rm/m/n/10.53937/59 G \C70/rm/m/n/10.53937/5f ^^B \C70/rm/m/n/10.53937/76 Ñ|\C70/rm/m/n/10.53937/ff ^^L| \C70/rm/m/n/10.53937/6e · \C70/rm/m/n/10.53937/8d ≥ \C70/rm/m/n/10.53937/7b I \C70/rm/m/n/10.53937/5f ^^O\OT1/cmr/m/n/10.53937 ([])\C70/rm/m/n/10.53937/52 ^^Y \C70/rm/m/n/10.53937/79  \C70/rm/m/n/10.53937/4e : $ \C70/rm/m/n/10.53937/79 Õ \C70/rm/m/n/10.53937/88 h \C70/rm/m/n/10.53937/79 : \C70/rm/m/n/10.53937/76 Ñ \C70/rm/bx/n/10.53937/7f   \C70/rm/bx/n/10.53937/7e ’ \C70/rm/bx/n/10.53937/7b ó \C70/rm/bx/n/10.53937/5b P\OT1/cmr/bx/n/10.53937 (intertwining
 []

<xymatrix 2x2 182> [26] [27] [28] [29] [30]
Á¨¨‰∫îÁ´†
[31

] [32

]
Á¨¨ÂÖ≠Á´†
[33] [34]
Á¨¨‰∏ÉÁ´†

Package hyperref Warning: Token not allowed in a PDF string (Unicode):
(hyperref)                removing `math shift' on input line 1194.


Package hyperref Warning: Token not allowed in a PDF string (Unicode):
(hyperref)                removing `math shift' on input line 1194.

[35

] [36]
Á¨¨ÂÖ´Á´†
[37

]

Package hyperref Warning: Token not allowed in a PDF string (Unicode):
(hyperref)                removing `math shift' on input line 1216.


Package hyperref Warning: Token not allowed in a PDF string (Unicode):
(hyperref)                removing `\epsilon' on input line 1216.


Package hyperref Warning: Token not allowed in a PDF string (Unicode):
(hyperref)                removing `math shift' on input line 1216.

[38]
Á¨¨‰πùÁ´†
[39

] [40] [41] [42] [43] [44]
Á¨¨ÂçÅÁ´†
/Users/limbo137/Documents/GitHub/Szekeres/Êï∞ÁêÜÊñπÊ≥ï/Êï∞ÁêÜÊñπÊ≥ï.tex:1480: Missing endcsname inserted.
<to be read again> 
                   Ê
l.1480 \input{ÊãìÊâëÁ©∫Èó¥.tex}
                               
The control sequence marked <to be read again> should
not appear between \csname and \endcsname.

/Users/limbo137/Documents/GitHub/Szekeres/Êï∞ÁêÜÊñπÊ≥ï/Êï∞ÁêÜÊñπÊ≥ï.tex:1480: Use of ??? doesn't match its definition.
<argument> ???  
                ! LaTeX Error: Ê invalid in file name. Lost: fi ãìÊâëÁ©∫Èó¥....
l.1480 \input{ÊãìÊâëÁ©∫Èó¥.tex}
                               
If you say, e.g., `\def\a1{...}', then you must always
put `1' after `\a', since control sequence names are
made up of letters only. The macro here has not been
followed by the required stuff, so I'm ignoring it.

/Users/limbo137/Documents/GitHub/Szekeres/Êï∞ÁêÜÊñπÊ≥ï/Êï∞ÁêÜÊñπÊ≥ï.tex:1480: Missing endcsname inserted.
<to be read again> 
                   Ê
l.1480 \input{ÊãìÊâëÁ©∫Èó¥.tex}
                               
The control sequence marked <to be read again> should
not appear between \csname and \endcsname.

/Users/limbo137/Documents/GitHub/Szekeres/Êï∞ÁêÜÊñπÊ≥ï/Êï∞ÁêÜÊñπÊ≥ï.tex:1480: Use of ??? doesn't match its definition.
<argument> ???  
                ! LaTeX Error: Ê invalid in file name. Lost: fi ãìÊâëÁ©∫Èó¥....
l.1480 \input{ÊãìÊâëÁ©∫Èó¥.tex}
                               
If you say, e.g., `\def\a1{...}', then you must always
put `1' after `\a', since control sequence names are
made up of letters only. The macro here has not been
followed by the required stuff, so I'm ignoring it.

/Users/limbo137/Documents/GitHub/Szekeres/Êï∞ÁêÜÊñπÊ≥ï/Êï∞ÁêÜÊñπÊ≥ï.tex:1480: Missing endcsname inserted.
<to be read again> 
                   Ê
l.1480 \input{ÊãìÊâëÁ©∫Èó¥.tex}
                               
The control sequence marked <to be read again> should
not appear between \csname and \endcsname.

/Users/limbo137/Documents/GitHub/Szekeres/Êï∞ÁêÜÊñπÊ≥ï/Êï∞ÁêÜÊñπÊ≥ï.tex:1480: Use of ??? doesn't match its definition.
<argument> ???  
                ! LaTeX Error: Ê invalid in file name. Lost: fi fi ãìÊâëÁ©∫È...
l.1480 \input{ÊãìÊâëÁ©∫Èó¥.tex}
                               
If you say, e.g., `\def\a1{...}', then you must always
put `1' after `\a', since control sequence names are
made up of letters only. The macro here has not been
followed by the required stuff, so I'm ignoring it.

(/usr/local/texlive/2024/texmf-dist/tex/latex/tools/.tex File ignored) [45

] [46]
Á¨¨ÂçÅ‰∏ÄÁ´†
[47

] [48

]
Á¨¨ÂçÅ‰∫åÁ´†
[49] [50

]
Á¨¨ÂçÅ‰∏âÁ´†

LaTeX Warning: Reference `sec:5.2' on page 51 undefined on input line 1510.


LaTeX Warning: Reference `eq:5.11' on page 51 undefined on input line 1510.


LaTeX Warning: Reference `sec:10.9' on page 51 undefined on input line 1512.


Overfull \hbox (104.79901pt too wide) in paragraph at lines 1511--1513
\C70/rm/m/n/10.53937/8f Ÿ \C70/rm/m/n/10.53937/68 7 \C70/rm/m/n/10.53937/4e ^^@ * \C70/rm/m/n/10.53937/83 ^^C \C70/rm/m/n/10.53937/65 p$\OMS/cmsy/m/n/10.53937 k^^Ak$\C70/rm/m/n/10.53937/4e _ \C70/rm/m/n/10.53937/6e · \C70/rm/m/n/10.53937/8d ≥[]\C70/rm/m/n/10.53937/82 Ç \C70/rm/m/n/10.53937/76 Ñ \C70/rm/m/n/10.53937/60 ' \C70/rm/m/n/10.53937/8d (\OT1/cmr/m/n/10.53937 (Norm1)-(Norm3)|\C70/rm/m/n/10.53937/30 ^^B| \C70/rm/m/n/10.53937/67 a \C70/rm/m/n/10.53937/4e ˆ\OT1/cmr/m/n/10.53937 (Norm1)\C70/rm/m/n/10.53937/54 å\OT1/cmr/m/n/10.53937 (IP1)\C70/rm/m/n/10.53937/66 / \C70/rm/m/n/10.53937/7b I \C70/rm/m/n/10.53937/4e ˜ \C70/rm/m/n/10.53937/76 Ñ|\C70/rm/m/n/10.53937/ff ^^L| \OT1/cmr/m/n/10.53937 (Norm2)\C70/rm/m/n/10.53937/66 /\OT1/cmr/m/n/10.53937 (IP1)\C70/rm/m/n/10.53937/54 å\OT1/cmr/m/n/10.53937 (IP2)\C70/rm/m/n/10.53937/76 Ñ
 []


LaTeX Warning: Reference `thm:5.6' on page 51 undefined on input line 1517.


Overfull \hbox (58.47043pt too wide) in paragraph at lines 1516--1518
\C70/rm/m/n/10.53937/4e 	 \C70/rm/m/n/10.53937/89 “ \C70/rm/m/n/10.53937/4e ^^M \C70/rm/m/n/10.53937/7b I \C70/rm/m/n/10.53937/5f ^^O \C70/rm/m/n/10.53937/66 / \C70/rm/m/n/10.53937/5b ö \C70/rm/m/n/10.53937/74 ^^F[]\C70/rm/m/n/10.53937/76 Ñ \C70/rm/m/n/10.53937/7e ” \C70/rm/m/n/10.53937/67 ú|\C70/rm/m/n/10.53937/ff ^^L| \C70/rm/m/n/10.53937/8f Ÿ \C70/rm/m/n/10.53937/4e õ \C70/rm/m/n/10.53937/60 ' \C70/rm/m/n/10.53937/8d ( \C70/rm/m/n/10.53937/57 ( \C70/rm/m/n/10.53937/65 ‡ \C70/rm/m/n/10.53937/7a w \C70/rm/m/n/10.53937/7e Ù \C70/rm/m/n/10.53937/7a z \C70/rm/m/n/10.53937/95 Ù \C70/rm/m/n/10.53937/4e _ \C70/rm/m/n/10.53937/4f › \C70/rm/m/n/10.53937/63 ^^A|\C70/rm/m/n/10.53937/ff ^^L| \C70/rm/bx/n/10.53937/5e ^^L \C70/rm/bx/n/10.53937/5c ^^T \C70/rm/bx/n/10.53937/4f / \C70/rm/bx/n/10.53937/72 y \C70/rm/bx/n/10.53937/7a z \C70/rm/bx/n/10.53937/95 Ù\OT1/cmr/bx/n/10.53937 (Hilbert space)\OT1/cmr/m/n/10.53937 ($\OMS/cmsy/m/n/10.53937 H\OML/cmm/m/it/10.53937 ; []$\OT1/cmr/m/n/10.53937 )\C70/rm/m/n/10.53937/66 /
 []


LaTeX Warning: Reference `eq:13.2' on page 51 undefined on input line 1527.


LaTeX Warning: Reference `eq:13.3' on page 51 undefined on input line 1527.


LaTeX Warning: Reference `eg:5.4' on page 51 undefined on input line 1529.


LaTeX Warning: Reference `eg:10.27' on page 51 undefined on input line 1537.


LaTeX Warning: Reference `sec:5.2' on page 51 undefined on input line 1537.


LaTeX Warning: Reference `eq:13.3' on page 51 undefined on input line 1545.

[51] [52]

LaTeX Warning: Reference `eq:13.3' on page 53 undefined on input line 1600.


LaTeX Warning: Reference `eg:5.6' on page 53 undefined on input line 1604.


Overfull \hbox (7.6003pt too wide) in paragraph at lines 1603--1605
\C70/rm/m/it/10.53937/4e _ \C70/rm/m/it/10.53937/66 / \C70/rm/m/it/10.53937/82 o \C70/rm/m/it/10.53937/5b ö \C70/rm/m/it/10.53937/4e I \C70/rm/m/it/10.53937/76 Ñ\OT1/cmr/m/it/10.53937 (\C70/rm/m/it/10.53937/89 ¡ \C70/rm/bx/it/10.53937/4f ã[]\OT1/cmr/m/it/10.53937 )|\C70/rm/m/it/10.53937/ff ^^L| \C70/rm/m/it/10.53937/80 ^^L \C70/rm/m/it/10.53937/4e ^^T \C70/rm/bx/it/10.53937/72 Ï \C70/rm/bx/it/10.53937/7a À \C70/rm/m/it/10.53937/4e é$\OML/cmm/m/it/10.53937 f; g$\C70/rm/m/it/10.53937/76 Ñ \C70/rm/m/it/10.53937/90 	 \C70/rm/bx/it/10.53937/53 ÷|\C70/rm/m/it/10.53937/ff ^^L| \C70/rm/m/it/10.53937/56 ‡ \C70/rm/m/it/10.53937/4e :|\C70/rm/m/it/10.53937/ff ^^L| \C70/rm/m/it/10.53937/59 Ç \C70/rm/m/it/10.53937/67 ú$\OML/cmm/m/it/10.53937 f[] \OMS/cmsy/m/n/10.53937 ^^X \OML/cmm/m/it/10.53937 f; g[] \OMS/cmsy/m/n/10.53937 ^^X \OML/cmm/m/it/10.53937 g$|\C70/rm/m/it/10.53937/ff ^^L| \C70/rm/m/it/10.53937/71 6 \C70/rm/m/it/10.53937/54 ^^N \C70/rm/m/it/10.53937/4e ‰$\OML/cmm/m/it/10.53937 A[]$\C70/rm/m/it/10.53937/54 å$\OML/cmm/m/it/10.53937 A[]$\C70/rm/m/it/10.53937/66 /
 []


Overfull \hbox (6.25664pt too wide) in paragraph at lines 1609--1611
\C70/rm/m/it/10.53937/57 ( \C70/rm/m/it/10.53937/4e ^^M \C70/rm/bx/it/10.53937/4f ^^Z \C70/rm/m/it/10.53937/64 ^^^ \C70/rm/m/it/10.53937/6d ˜ \C70/rm/m/it/10.53937/76 Ñ \C70/rm/m/it/10.53937/60 ≈ \C70/rm/m/it/10.53937/51 µ \C70/rm/m/it/10.53937/4e |\C70/rm/m/it/10.53937/ff ^^L| \C70/rm/m/it/10.53937/4e ^^@ \C70/rm/m/it/10.53937/82 , \C70/rm/m/it/10.53937/90 ˝ \C70/rm/m/it/10.53937/75 ( \C70/rm/m/it/10.53937/7b Ä \C70/rm/bx/it/10.53937/53 U \C70/rm/m/it/10.53937/57 0 \C70/rm/m/it/10.53937/75 ( \C70/rm/m/it/10.53937/7b I \C70/rm/m/it/10.53937/4e ˜ \C70/rm/m/it/10.53937/7c { \C70/rm/m/it/10.53937/4e - \C70/rm/m/it/10.53937/76 Ñ \C70/rm/m/it/10.53937/4e ^^@ * „ \C70/rm/m/it/10.53937/88 h$\OML/cmm/m/it/10.53937 f$\C70/rm/m/it/10.53937/67 e \C70/rm/m/it/10.53937/4e „ \C70/rm/m/it/10.53937/66 ˇ \C70/rm/m/it/10.53937/51 ˝ \C70/rm/m/it/10.53937/65 p \C70/rm/m/it/10.53937/7b I \C70/rm/m/it/10.53937/4e ˜ \C70/rm/m/it/10.53937/7c {$[] \OMS/cmsy/m/n/10.53937 2 L[]\OT1/cmr/m/n/10.53937 (\OML/cmm/m/it/10.53937 X\OT1/cmr/m/n/10.53937 )$ 
 []


LaTeX Warning: Reference `sec:5.2' on page 53 undefined on input line 1635.

[53]
Overfull \hbox (25.33984pt too wide) in paragraph at lines 1649--1651
\C70/rm/m/n/10.53937/4e Œ - \C70/rm/m/n/10.53937/53 Ô \C70/rm/m/n/10.53937/4e Â \C70/rm/m/n/10.53937/77  \C70/rm/m/n/10.53937/51 ˙ \C70/rm/m/n/10.53937/6b œ \C70/rm/m/n/10.53937/4e *$\OML/cmm/m/it/10.53937 u[]$\C70/rm/m/n/10.53937/90 ˝ \C70/rm/m/n/10.53937/66 / \C70/rm/m/n/10.53937/90 ˝ \C70/rm/m/n/10.53937/53 Ô \C70/rm/m/n/10.53937/4e Â \C70/rm/m/n/10.53937/66 /$\OMS/cmsy/m/n/10.53937 f\OML/cmm/m/it/10.53937 e[]; e[]; :::; e[]\OMS/cmsy/m/n/10.53937 g$\C70/rm/m/n/10.53937/76 Ñ \C70/rm/m/n/10.53937/4e ^^@ * \C70/rm/m/n/10.53937/7e ø \C70/rm/m/n/10.53937/60 ' \C70/rm/m/n/10.53937/7e ƒ \C70/rm/m/n/10.53937/54 ^^H|\C70/rm/m/n/10.53937/ff ^^L| \C70/rm/m/n/10.53937/4e é \C70/rm/m/n/10.53937/66 / \C70/rm/m/n/10.53937/53 »$\OMS/cmsy/m/n/10.53937 H \OT1/cmr/m/n/10.53937 = []$|\C70/rm/m/n/10.53937/ff ^^L|
 []


Overfull \hbox (2.6526pt too wide) in paragraph at lines 1652--1653
[][]\C70/rm/bx/n/10.53937/5b ö \C70/rm/bx/n/10.53937/74 ^^F \OT1/cmr/bx/n/10.53937 13.2. []$\OMS/cmsy/m/n/10.53937 H$\C70/rm/m/it/10.53937/66 / \C70/rm/bx/it/10.53937/53 Ô \C70/rm/bx/it/10.53937/52 ^^F \C70/rm/m/it/10.53937/76 Ñ \C70/rm/bx/it/10.53937/5e ^^L \C70/rm/bx/it/10.53937/5c ^^T \C70/rm/bx/it/10.53937/4f / \C70/rm/bx/it/10.53937/72 y \C70/rm/bx/it/10.53937/7a z \C70/rm/bx/it/10.53937/95 Ù \C70/rm/m/it/10.53937/4e ^^T$\OMS/cmsy/m/n/10.53937 f\OML/cmm/m/it/10.53937 e[]; e[]; :::\OMS/cmsy/m/n/10.53937 g$\C70/rm/m/it/10.53937/66 / \C70/rm/m/it/10.53937/4e ^^@ * \C70/rm/m/it/10.53937/5b å \C70/rm/m/it/10.53937/59 ^^G \C70/rm/m/it/10.53937/6b c \C70/rm/m/it/10.53937/4e § \C70/rm/m/it/10.53937/68 ^^G \C70/rm/m/it/10.53937/51 ∆ \C70/rm/m/it/10.53937/96 ∆|\C70/rm/m/it/10.53937/ff ^^L| \C70/rm/m/it/10.53937/90 £ \C70/rm/m/it/10.53937/4e H ˚ \C70/rm/m/it/10.53937/61 ^^O \C70/rm/m/it/10.53937/54 ^^Q \C70/rm/m/it/10.53937/91 œ$\OML/cmm/m/it/10.53937 u \OMS/cmsy/m/n/10.53937 2
 []


LaTeX Warning: Reference `thm:11.2' on page 54 undefined on input line 1685.


LaTeX Warning: Reference `thm:11.11' on page 54 undefined on input line 1685.

[54] [55]

LaTeX Font Warning: Font shape `U/rsfs/m/n' in size <7.52812> not available
(Font)              size <8> substituted on input line 1729.


Overfull \hbox (20.67178pt too wide) in paragraph at lines 1741--1743
\C70/rm/m/it/10.53937/5f b \C70/rm/m/it/10.53937/62 ^^P \C70/rm/m/it/10.53937/4e ^^@ * \C70/rm/m/it/10.53937/6b c \C70/rm/m/it/10.53937/4e § \C70/rm/m/it/10.53937/68 ^^G \C70/rm/m/it/10.53937/51 ∆ \C70/rm/m/it/10.53937/96 ∆|\C70/rm/m/it/10.53937/ff ^^L| \C70/rm/m/it/10.53937/75 1 \C70/rm/m/it/10.53937/9b O \C70/rm/bx/it/10.53937/5c ^^T \C70/rm/m/it/10.53937/65 Ø \C70/rm/bx/it/10.53937/72 y \C70/rm/m/it/10.53937/62 … \C70/rm/m/it/10.53937/65 Ø \C70/rm/m/it/10.53937/5b ö \C70/rm/m/it/10.53937/74 ^^F \C70/rm/m/it/10.53937/5b É \C70/rm/m/it/10.53937/4e Ï _ \C70/rm/m/it/10.53937/5f b \C70/rm/m/it/10.53937/62 ^^P \C70/rm/m/it/10.53937/4e ^^@ \C70/rm/m/it/10.53937/7e ƒ$\OML/cmm/m/it/10.53937 L[]\OT1/cmr/m/n/10.53937 (\U/msb/m/n/10.53937 R\OT1/cmr/m/n/10.53937 )$\C70/rm/m/it/10.53937/4e 
 \C70/rm/m/it/10.53937/76 Ñ \C70/rm/m/it/10.53937/5b å \C70/rm/m/it/10.53937/59 ^^G \C70/rm/m/it/10.53937/76 Ñ \C70/rm/m/it/10.53937/6b c \C70/rm/m/it/10.53937/4e § \C70/rm/m/it/10.53937/68 ^^G \C70/rm/m/it/10.53937/51 ∆\OT1/cmr/m/it/10.53937 ($\OML/cmm/m/it/10.53937 o:n:$\OT1/cmr/m/it/10.53937 )\C70/rm/m/it/10.53937/57 ˙|\C70/rm/m/it/10.53937/30 ^^B|
 []


Underfull \hbox (badness 10000) in paragraph at lines 1741--1743

 []


LaTeX Warning: Reference `lema:13.3' on page 56 undefined on input line 1744.


LaTeX Warning: Reference `eq:5.13' on page 56 undefined on input line 1749.


Package amsthm Warning: The \qedhere command may not work correctly here on input line 1755.


LaTeX Warning: Reference `thm:13.2' on page 56 undefined on input line 1769.


LaTeX Warning: Reference `lema:13.5' on page 56 undefined on input line 1769.


Package amsthm Warning: The \qedhere command may not work correctly here on input line 1776.


LaTeX Warning: Reference `eg:13.6' on page 56 undefined on input line 1780.

[56]

LaTeX Warning: Reference `lema:13.3' on page 57 undefined on input line 1812.


Overfull \hbox (27.59283pt too wide) in paragraph at lines 1833--1834
[]\C70/rm/m/n/10.53937/53 Õ \C70/rm/m/n/10.53937/8f « \C70/rm/m/n/10.53937/67 e|\C70/rm/m/n/10.53937/ff ^^L| \C70/rm/m/n/10.53937/4e ‰$\OML/cmm/m/it/10.53937 A$\C70/rm/m/n/10.53937/66 /$\OML/cmm/m/it/10.53937 V$\C70/rm/m/n/10.53937/4e 
 \C70/rm/m/n/10.53937/76 Ñ \C70/rm/m/n/10.53937/8f ﬁ \C70/rm/m/n/10.53937/7e Ì \C70/rm/m/n/10.53937/7b ó &|\C70/rm/m/n/10.53937/ff ^^L| \C70/rm/m/n/10.53937/59 Ç \C70/rm/m/n/10.53937/67 ú$\OML/cmm/m/it/10.53937 A$\C70/rm/m/n/10.53937/4e ^^M \C70/rm/m/n/10.53937/66 / \C70/rm/m/n/10.53937/67 	 \C70/rm/m/n/10.53937/75 L \C70/rm/m/n/10.53937/76 Ñ|\C70/rm/m/n/10.53937/ff ^^L| \C70/rm/m/n/10.53937/90 £ \C70/rm/m/n/10.53937/4e H \C70/rm/m/n/10.53937/5b ˘ \C70/rm/m/n/10.53937/6b œ \C70/rm/m/n/10.53937/4e *$\OML/cmm/m/it/10.53937 N > \OT1/cmr/m/n/10.53937 0$\C70/rm/m/n/10.53937/5b X \C70/rm/m/n/10.53937/57 ($\OML/cmm/m/it/10.53937 u[]$\C70/rm/m/n/10.53937/4f ^^? \C70/rm/m/n/10.53937/5f ó$[] \OMS/cmsy/m/n/10.53937 ^^U
 []

[57]

LaTeX Warning: Reference `thm:13.11' on page 58 undefined on input line 1843.


LaTeX Warning: Reference `eg:13.8' on page 58 undefined on input line 1870.

[58]
Missing character: There is no Ÿ in font cmr10!
Missing character: There is no ó in font cmr10!
Missing character: There is no ö in font cmr10!
Missing character: There is no ø in font cmr10!
Missing character: There is no Ñ in font cmr10!

LaTeX Warning: Reference `eg:13.9' on page 59 undefined on input line 1910.


LaTeX Warning: Reference `thm:13.2' on page 59 undefined on input line 1920.


Overfull \hbox (7.9493pt too wide) in paragraph at lines 1920--1921
[]\C70/rm/m/n/10.53937/62 ^^Q \C70/rm/m/n/10.53937/4e Ï \C70/rm/m/n/10.53937/5b ö \C70/rm/m/n/10.53937/4e I$\OMS/cmsy/m/n/10.53937 H$\C70/rm/bx/n/10.53937/4e - \C70/rm/bx/n/10.53937/54 ^^Q \C70/rm/bx/n/10.53937/91 œ$\OML/cmm/m/it/10.53937 v$\C70/rm/bx/n/10.53937/54 å$\OML/cmm/m/it/10.53937 u$\C70/rm/bx/n/10.53937/4e K \C70/rm/bx/n/10.53937/95 Ù \C70/rm/bx/n/10.53937/76 Ñ \C70/rm/bx/n/10.53937/7b ó &$\OML/cmm/m/it/10.53937 A$\C70/rm/bx/n/10.53937/76 Ñ \C70/rm/bx/n/10.53937/77 È \C70/rm/bx/n/10.53937/96 5 \C70/rm/bx/n/10.53937/51 C \C70/rm/m/n/10.53937/66 /$[]$|\C70/rm/m/n/10.53937/ff ^^L| \C70/rm/m/n/10.53937/59 Ç \C70/rm/m/n/10.53937/67 ú \C70/rm/m/n/10.53937/5e ^^L \C70/rm/m/n/10.53937/5c ^^T \C70/rm/m/n/10.53937/4f / \C70/rm/m/n/10.53937/72 y \C70/rm/m/n/10.53937/7a z \C70/rm/m/n/10.53937/95 Ù \C70/rm/m/n/10.53937/53 Ô \C70/rm/m/n/10.53937/52 ^^F \C70/rm/m/n/10.53937/80 ^^L \C70/rm/m/n/10.53937/4e ^^T$\OML/cmm/m/it/10.53937 e[]$\C70/rm/m/n/10.53937/66 /
 []

[59]

LaTeX Warning: Reference `sec:13.6' on page 60 undefined on input line 1953.


LaTeX Warning: Reference `thm:13.8' on page 60 undefined on input line 1955.

[60]

LaTeX Warning: Reference `thm:13.2' on page 61 undefined on input line 2016.

[61]

LaTeX Warning: Reference `eq:13.7' on page 62 undefined on input line 2029.


LaTeX Warning: Reference `thm:13.8' on page 62 undefined on input line 2085.


LaTeX Warning: Reference `thm:13.2' on page 62 undefined on input line 2085.

[62]

LaTeX Warning: Reference `eg:13.9' on page 63 undefined on input line 2123.

[63]

LaTeX Warning: Reference `eg:13.14' on page 64 undefined on input line 2134.


LaTeX Warning: Reference `sec:13.6' on page 64 undefined on input line 2140.


LaTeX Warning: Reference `eg:13.14' on page 64 undefined on input line 2144.


LaTeX Warning: Reference `thm:13.12' on page 64 undefined on input line 2156.


LaTeX Warning: Reference `thm:13.12' on page 64 undefined on input line 2176.

[64]

LaTeX Warning: Reference `eq:13.12' on page 65 undefined on input line 2196.


LaTeX Warning: Reference `thm:13.15' on page 65 undefined on input line 2202.

[65]

LaTeX Warning: Reference `thm:13.17' on page 66 undefined on input line 2220.

[66]
Overfull \hbox (28.027pt too wide) in paragraph at lines 2250--2252
[]\C70/rm/m/n/10.53937/59 Ç \C70/rm/m/n/10.53937/67 ú \C70/rm/m/n/10.53937/4e $ * \C70/rm/m/n/10.53937/7b ó &$\OML/cmm/m/it/10.53937 A$\C70/rm/m/n/10.53937/54 å$\OML/cmm/m/it/10.53937 B$\C70/rm/m/n/10.53937/6e · \C70/rm/m/n/10.53937/8d ≥$\OML/cmm/m/it/10.53937 D[] \OMS/cmsy/m/n/10.53937 ^^R \OML/cmm/m/it/10.53937 D[]$ \C70/rm/m/n/10.53937/54 å $[][] \OT1/cmr/m/n/10.53937 = \OML/cmm/m/it/10.53937 B$|\C70/rm/m/n/10.53937/ff ^^L| \C70/rm/m/n/10.53937/62 ^^Q \C70/rm/m/n/10.53937/4e Ï \C70/rm/m/n/10.53937/5b ö \C70/rm/m/n/10.53937/4e I $\OML/cmm/m/it/10.53937 A$ \C70/rm/m/n/10.53937/66 / $\OML/cmm/m/it/10.53937 B$ \C70/rm/m/n/10.53937/76 Ñ \C70/rm/m/n/10.53937/4e ^^@ * \C70/rm/bx/n/10.53937/5e ˆ \C70/rm/bx/n/10.53937/62 ”\OT1/cmr/bx/n/10.53937 (extension)|\C70/rm/m/n/10.53937/ff ^^L|
 []


LaTeX Warning: Reference `eg:13.4' on page 67 undefined on input line 2281.


LaTeX Warning: Reference `eg:13.5' on page 67 undefined on input line 2281.

[67]

LaTeX Warning: Reference `lema:13.20' on page 68 undefined on input line 2316.


LaTeX Warning: Reference `eg:13.16' on page 68 undefined on input line 2353.

[68]

LaTeX Warning: Reference `thm:13.21' on page 69 undefined on input line 2377.


LaTeX Warning: Reference `eg:13.16' on page 69 undefined on input line 2399.


LaTeX Warning: Reference `eg:13.17' on page 69 undefined on input line 2403.

[69]

LaTeX Warning: Reference `thm:13.23' on page 70 undefined on input line 2441.


LaTeX Warning: Reference `eg:13.17' on page 70 undefined on input line 2455.

[70]

LaTeX Warning: Reference `thm:13.8' on page 71 undefined on input line 2507.


LaTeX Warning: Reference `thm:13.19' on page 71 undefined on input line 2513.

[71]

LaTeX Warning: Reference `eg:6.12' on page 72 undefined on input line 2547.

[72]
Á¨¨ÂçÅÂõõÁ´†
[73

]
<2023_12_20_5d48e1c38160b1e32b28g-03.jpg, id=1171, 880.28876pt x 252.945pt>
File: 2023_12_20_5d48e1c38160b1e32b28g-03.jpg Graphic file (type jpg)
<use 2023_12_20_5d48e1c38160b1e32b28g-03.jpg>
Package pdftex.def Info: 2023_12_20_5d48e1c38160b1e32b28g-03.jpg  used on input line 2580.
(pdftex.def)             Requested size: 341.43306pt x 98.1078pt.
<2023_12_20_5d48e1c38160b1e32b28g-03(1).jpg, id=1172, 857.2025pt x 243.91125pt>
File: 2023_12_20_5d48e1c38160b1e32b28g-03(1).jpg Graphic file (type jpg)
<use 2023_12_20_5d48e1c38160b1e32b28g-03(1).jpg>
Package pdftex.def Info: 2023_12_20_5d48e1c38160b1e32b28g-03(1).jpg  used on input line 2586.
(pdftex.def)             Requested size: 341.43306pt x 97.15337pt.

Underfull \vbox (badness 10000) has occurred while \output is active []

 [74 <./2023_12_20_5d48e1c38160b1e32b28g-03.jpg>] [75 <./2023_12_20_5d48e1c38160b1e32b28g-03(1).jpg>] [76] [77] [78

]
Á¨¨ÂçÅ‰∫îÁ´†
[79] [80]
Á¨¨ÂçÅÂÖ≠Á´†
[81

] [82]
Á¨¨ÂçÅ‰∏ÉÁ´†
[83

] [84]
Á¨¨ÂçÅÂÖ´Á´†
[85

] [86] [87] [88

]
Á¨¨ÂçÅ‰πùÁ´†
[89] [90] (./Êï∞ÁêÜÊñπÊ≥ï.aux)
 ***********
LaTeX2e <2023-11-01> patch level 1
L3 programming layer <2022/07/14>
 ***********


LaTeX Font Warning: Size substitutions with differences
(Font)              up to 0.47188pt have occurred.


LaTeX Warning: There were undefined references.


LaTeX Warning: Label(s) may have changed. Rerun to get cross-references right.


Package rerunfilecheck Warning: File `Êï∞ÁêÜÊñπÊ≥ï.out' has changed.
(rerunfilecheck)                Rerun to get outlines right
(rerunfilecheck)                or use package `bookmark'.

Package rerunfilecheck Info: Checksums for `Êï∞ÁêÜÊñπÊ≥ï.out':
(rerunfilecheck)             Before: <no file>
(rerunfilecheck)             After:  23B333360EEE5EF3DA748221CC2BED36;30921.
 )
(\end occurred when \ifx on line 1480 was incomplete)
(\end occurred when \ifx on line 1480 was incomplete)
(\end occurred when \ifx on line 1480 was incomplete)
(\end occurred when \ifx on line 1480 was incomplete) 
Here is how much of TeX's memory you used:
 33615 strings out of 474116
 616491 string characters out of 5743682
 1965187 words of memory out of 5000000
 54173 multiletter control sequences out of 15000+600000
 709914 words of font info for 598 fonts, out of 8000000 for 9000
 1141 hyphenation exceptions out of 8191
 88i,13n,93p,1505b,636s stack positions out of 10000i,1000n,20000p,200000b,200000s

!pdfTeX error: pdflatex (file unisongsl73): Font unisongsl73 at 632 not found
 ==> Fatal error occurred, no output PDF file produced!
